ARM GAS  C:\Users\User\AppData\Local\Temp\cc8VUBKf.s 			page 1


   1              		.cpu cortex-m0plus
   2              		.arch armv6s-m
   3              		.fpu softvfp
   4              		.eabi_attribute 20, 1
   5              		.eabi_attribute 21, 1
   6              		.eabi_attribute 23, 3
   7              		.eabi_attribute 24, 1
   8              		.eabi_attribute 25, 1
   9              		.eabi_attribute 26, 1
  10              		.eabi_attribute 30, 1
  11              		.eabi_attribute 34, 0
  12              		.eabi_attribute 18, 4
  13              		.file	"spi.c"
  14              		.text
  15              	.Ltext0:
  16              		.cfi_sections	.debug_frame
  17              		.file 1 "Core/Src/spi.c"
  18              		.section	.text.MX_SPI1_Init,"ax",%progbits
  19              		.align	1
  20              		.global	MX_SPI1_Init
  21              		.syntax unified
  22              		.code	16
  23              		.thumb_func
  25              	MX_SPI1_Init:
  26              	.LFB47:
   1:Core/Src/spi.c **** /* USER CODE BEGIN Header */
   2:Core/Src/spi.c **** /**
   3:Core/Src/spi.c ****   ******************************************************************************
   4:Core/Src/spi.c ****   * @file    spi.c
   5:Core/Src/spi.c ****   * @brief   This file provides code for the configuration
   6:Core/Src/spi.c ****   *          of the SPI instances.
   7:Core/Src/spi.c ****   ******************************************************************************
   8:Core/Src/spi.c ****   * @attention
   9:Core/Src/spi.c ****   *
  10:Core/Src/spi.c ****   * Copyright (c) 2023 STMicroelectronics.
  11:Core/Src/spi.c ****   * All rights reserved.
  12:Core/Src/spi.c ****   *
  13:Core/Src/spi.c ****   * This software is licensed under terms that can be found in the LICENSE file
  14:Core/Src/spi.c ****   * in the root directory of this software component.
  15:Core/Src/spi.c ****   * If no LICENSE file comes with this software, it is provided AS-IS.
  16:Core/Src/spi.c ****   *
  17:Core/Src/spi.c ****   ******************************************************************************
  18:Core/Src/spi.c ****   */
  19:Core/Src/spi.c **** /* USER CODE END Header */
  20:Core/Src/spi.c **** /* Includes ------------------------------------------------------------------*/
  21:Core/Src/spi.c **** #include "spi.h"
  22:Core/Src/spi.c **** 
  23:Core/Src/spi.c **** /* USER CODE BEGIN 0 */
  24:Core/Src/spi.c **** 
  25:Core/Src/spi.c **** /* USER CODE END 0 */
  26:Core/Src/spi.c **** 
  27:Core/Src/spi.c **** SPI_HandleTypeDef hspi1;
  28:Core/Src/spi.c **** 
  29:Core/Src/spi.c **** /* SPI1 init function */
  30:Core/Src/spi.c **** void MX_SPI1_Init(void)
  31:Core/Src/spi.c **** {
  27              		.loc 1 31 1 view -0
ARM GAS  C:\Users\User\AppData\Local\Temp\cc8VUBKf.s 			page 2


  28              		.cfi_startproc
  29              		@ args = 0, pretend = 0, frame = 0
  30              		@ frame_needed = 0, uses_anonymous_args = 0
  31 0000 10B5     		push	{r4, lr}
  32              	.LCFI0:
  33              		.cfi_def_cfa_offset 8
  34              		.cfi_offset 4, -8
  35              		.cfi_offset 14, -4
  32:Core/Src/spi.c **** 
  33:Core/Src/spi.c ****   /* USER CODE BEGIN SPI1_Init 0 */
  34:Core/Src/spi.c **** 
  35:Core/Src/spi.c ****   /* USER CODE END SPI1_Init 0 */
  36:Core/Src/spi.c **** 
  37:Core/Src/spi.c ****   /* USER CODE BEGIN SPI1_Init 1 */
  38:Core/Src/spi.c **** 
  39:Core/Src/spi.c ****   /* USER CODE END SPI1_Init 1 */
  40:Core/Src/spi.c ****   hspi1.Instance = SPI1;
  36              		.loc 1 40 3 view .LVU1
  37              		.loc 1 40 18 is_stmt 0 view .LVU2
  38 0002 0E48     		ldr	r0, .L4
  39 0004 0E4B     		ldr	r3, .L4+4
  40 0006 0360     		str	r3, [r0]
  41:Core/Src/spi.c ****   hspi1.Init.Mode = SPI_MODE_MASTER;
  41              		.loc 1 41 3 is_stmt 1 view .LVU3
  42              		.loc 1 41 19 is_stmt 0 view .LVU4
  43 0008 8223     		movs	r3, #130
  44 000a 5B00     		lsls	r3, r3, #1
  45 000c 4360     		str	r3, [r0, #4]
  42:Core/Src/spi.c ****   hspi1.Init.Direction = SPI_DIRECTION_2LINES;
  46              		.loc 1 42 3 is_stmt 1 view .LVU5
  47              		.loc 1 42 24 is_stmt 0 view .LVU6
  48 000e 0023     		movs	r3, #0
  49 0010 8360     		str	r3, [r0, #8]
  43:Core/Src/spi.c ****   hspi1.Init.DataSize = SPI_DATASIZE_8BIT;
  50              		.loc 1 43 3 is_stmt 1 view .LVU7
  51              		.loc 1 43 23 is_stmt 0 view .LVU8
  52 0012 C360     		str	r3, [r0, #12]
  44:Core/Src/spi.c ****   hspi1.Init.CLKPolarity = SPI_POLARITY_LOW;
  53              		.loc 1 44 3 is_stmt 1 view .LVU9
  54              		.loc 1 44 26 is_stmt 0 view .LVU10
  55 0014 0361     		str	r3, [r0, #16]
  45:Core/Src/spi.c ****   hspi1.Init.CLKPhase = SPI_PHASE_1EDGE;
  56              		.loc 1 45 3 is_stmt 1 view .LVU11
  57              		.loc 1 45 23 is_stmt 0 view .LVU12
  58 0016 4361     		str	r3, [r0, #20]
  46:Core/Src/spi.c ****   hspi1.Init.NSS = SPI_NSS_HARD_OUTPUT;
  59              		.loc 1 46 3 is_stmt 1 view .LVU13
  60              		.loc 1 46 18 is_stmt 0 view .LVU14
  61 0018 8022     		movs	r2, #128
  62 001a D202     		lsls	r2, r2, #11
  63 001c 8261     		str	r2, [r0, #24]
  47:Core/Src/spi.c ****   hspi1.Init.BaudRatePrescaler = SPI_BAUDRATEPRESCALER_2;
  64              		.loc 1 47 3 is_stmt 1 view .LVU15
  65              		.loc 1 47 32 is_stmt 0 view .LVU16
  66 001e C361     		str	r3, [r0, #28]
  48:Core/Src/spi.c ****   hspi1.Init.FirstBit = SPI_FIRSTBIT_MSB;
  67              		.loc 1 48 3 is_stmt 1 view .LVU17
ARM GAS  C:\Users\User\AppData\Local\Temp\cc8VUBKf.s 			page 3


  68              		.loc 1 48 23 is_stmt 0 view .LVU18
  69 0020 0362     		str	r3, [r0, #32]
  49:Core/Src/spi.c ****   hspi1.Init.TIMode = SPI_TIMODE_DISABLE;
  70              		.loc 1 49 3 is_stmt 1 view .LVU19
  71              		.loc 1 49 21 is_stmt 0 view .LVU20
  72 0022 4362     		str	r3, [r0, #36]
  50:Core/Src/spi.c ****   hspi1.Init.CRCCalculation = SPI_CRCCALCULATION_DISABLE;
  73              		.loc 1 50 3 is_stmt 1 view .LVU21
  74              		.loc 1 50 29 is_stmt 0 view .LVU22
  75 0024 8362     		str	r3, [r0, #40]
  51:Core/Src/spi.c ****   hspi1.Init.CRCPolynomial = 7;
  76              		.loc 1 51 3 is_stmt 1 view .LVU23
  77              		.loc 1 51 28 is_stmt 0 view .LVU24
  78 0026 0733     		adds	r3, r3, #7
  79 0028 C362     		str	r3, [r0, #44]
  52:Core/Src/spi.c ****   if (HAL_SPI_Init(&hspi1) != HAL_OK)
  80              		.loc 1 52 3 is_stmt 1 view .LVU25
  81              		.loc 1 52 7 is_stmt 0 view .LVU26
  82 002a FFF7FEFF 		bl	HAL_SPI_Init
  83              	.LVL0:
  84              		.loc 1 52 6 view .LVU27
  85 002e 0028     		cmp	r0, #0
  86 0030 00D1     		bne	.L3
  87              	.L1:
  53:Core/Src/spi.c ****   {
  54:Core/Src/spi.c ****     Error_Handler();
  55:Core/Src/spi.c ****   }
  56:Core/Src/spi.c ****   /* USER CODE BEGIN SPI1_Init 2 */
  57:Core/Src/spi.c **** 
  58:Core/Src/spi.c ****   /* USER CODE END SPI1_Init 2 */
  59:Core/Src/spi.c **** 
  60:Core/Src/spi.c **** }
  88              		.loc 1 60 1 view .LVU28
  89              		@ sp needed
  90 0032 10BD     		pop	{r4, pc}
  91              	.L3:
  54:Core/Src/spi.c ****   }
  92              		.loc 1 54 5 is_stmt 1 view .LVU29
  93 0034 FFF7FEFF 		bl	Error_Handler
  94              	.LVL1:
  95              		.loc 1 60 1 is_stmt 0 view .LVU30
  96 0038 FBE7     		b	.L1
  97              	.L5:
  98 003a C046     		.align	2
  99              	.L4:
 100 003c 00000000 		.word	hspi1
 101 0040 00300140 		.word	1073819648
 102              		.cfi_endproc
 103              	.LFE47:
 105              		.section	.text.HAL_SPI_MspInit,"ax",%progbits
 106              		.align	1
 107              		.global	HAL_SPI_MspInit
 108              		.syntax unified
 109              		.code	16
 110              		.thumb_func
 112              	HAL_SPI_MspInit:
 113              	.LVL2:
ARM GAS  C:\Users\User\AppData\Local\Temp\cc8VUBKf.s 			page 4


 114              	.LFB48:
  61:Core/Src/spi.c **** 
  62:Core/Src/spi.c **** void HAL_SPI_MspInit(SPI_HandleTypeDef* spiHandle)
  63:Core/Src/spi.c **** {
 115              		.loc 1 63 1 is_stmt 1 view -0
 116              		.cfi_startproc
 117              		@ args = 0, pretend = 0, frame = 24
 118              		@ frame_needed = 0, uses_anonymous_args = 0
 119              		.loc 1 63 1 is_stmt 0 view .LVU32
 120 0000 10B5     		push	{r4, lr}
 121              	.LCFI1:
 122              		.cfi_def_cfa_offset 8
 123              		.cfi_offset 4, -8
 124              		.cfi_offset 14, -4
 125 0002 86B0     		sub	sp, sp, #24
 126              	.LCFI2:
 127              		.cfi_def_cfa_offset 32
 128 0004 0400     		movs	r4, r0
  64:Core/Src/spi.c **** 
  65:Core/Src/spi.c ****   GPIO_InitTypeDef GPIO_InitStruct = {0};
 129              		.loc 1 65 3 is_stmt 1 view .LVU33
 130              		.loc 1 65 20 is_stmt 0 view .LVU34
 131 0006 1422     		movs	r2, #20
 132 0008 0021     		movs	r1, #0
 133 000a 01A8     		add	r0, sp, #4
 134              	.LVL3:
 135              		.loc 1 65 20 view .LVU35
 136 000c FFF7FEFF 		bl	memset
 137              	.LVL4:
  66:Core/Src/spi.c ****   if(spiHandle->Instance==SPI1)
 138              		.loc 1 66 3 is_stmt 1 view .LVU36
 139              		.loc 1 66 15 is_stmt 0 view .LVU37
 140 0010 2268     		ldr	r2, [r4]
 141              		.loc 1 66 5 view .LVU38
 142 0012 0F4B     		ldr	r3, .L9
 143 0014 9A42     		cmp	r2, r3
 144 0016 01D0     		beq	.L8
 145              	.L6:
  67:Core/Src/spi.c ****   {
  68:Core/Src/spi.c ****   /* USER CODE BEGIN SPI1_MspInit 0 */
  69:Core/Src/spi.c **** 
  70:Core/Src/spi.c ****   /* USER CODE END SPI1_MspInit 0 */
  71:Core/Src/spi.c ****     /* SPI1 clock enable */
  72:Core/Src/spi.c ****     __HAL_RCC_SPI1_CLK_ENABLE();
  73:Core/Src/spi.c **** 
  74:Core/Src/spi.c ****     __HAL_RCC_GPIOA_CLK_ENABLE();
  75:Core/Src/spi.c ****     /**SPI1 GPIO Configuration
  76:Core/Src/spi.c ****     PA4     ------> SPI1_NSS
  77:Core/Src/spi.c ****     PA5     ------> SPI1_SCK
  78:Core/Src/spi.c ****     PA6     ------> SPI1_MISO
  79:Core/Src/spi.c ****     PA7     ------> SPI1_MOSI
  80:Core/Src/spi.c ****     */
  81:Core/Src/spi.c ****     GPIO_InitStruct.Pin = GPIO_PIN_4|GPIO_PIN_5|GPIO_PIN_6|GPIO_PIN_7;
  82:Core/Src/spi.c ****     GPIO_InitStruct.Mode = GPIO_MODE_AF_PP;
  83:Core/Src/spi.c ****     GPIO_InitStruct.Pull = GPIO_NOPULL;
  84:Core/Src/spi.c ****     GPIO_InitStruct.Speed = GPIO_SPEED_FREQ_VERY_HIGH;
  85:Core/Src/spi.c ****     GPIO_InitStruct.Alternate = GPIO_AF0_SPI1;
ARM GAS  C:\Users\User\AppData\Local\Temp\cc8VUBKf.s 			page 5


  86:Core/Src/spi.c ****     HAL_GPIO_Init(GPIOA, &GPIO_InitStruct);
  87:Core/Src/spi.c **** 
  88:Core/Src/spi.c ****   /* USER CODE BEGIN SPI1_MspInit 1 */
  89:Core/Src/spi.c **** 
  90:Core/Src/spi.c ****   /* USER CODE END SPI1_MspInit 1 */
  91:Core/Src/spi.c ****   }
  92:Core/Src/spi.c **** }
 146              		.loc 1 92 1 view .LVU39
 147 0018 06B0     		add	sp, sp, #24
 148              		@ sp needed
 149              	.LVL5:
 150              		.loc 1 92 1 view .LVU40
 151 001a 10BD     		pop	{r4, pc}
 152              	.LVL6:
 153              	.L8:
  72:Core/Src/spi.c **** 
 154              		.loc 1 72 5 is_stmt 1 view .LVU41
 155 001c 0D4B     		ldr	r3, .L9+4
 156 001e 596B     		ldr	r1, [r3, #52]
 157 0020 8022     		movs	r2, #128
 158 0022 5201     		lsls	r2, r2, #5
 159 0024 0A43     		orrs	r2, r1
 160 0026 5A63     		str	r2, [r3, #52]
  74:Core/Src/spi.c ****     /**SPI1 GPIO Configuration
 161              		.loc 1 74 5 view .LVU42
 162              	.LBB2:
  74:Core/Src/spi.c ****     /**SPI1 GPIO Configuration
 163              		.loc 1 74 5 view .LVU43
  74:Core/Src/spi.c ****     /**SPI1 GPIO Configuration
 164              		.loc 1 74 5 view .LVU44
 165 0028 D96A     		ldr	r1, [r3, #44]
 166 002a 0122     		movs	r2, #1
 167 002c 1143     		orrs	r1, r2
 168 002e D962     		str	r1, [r3, #44]
  74:Core/Src/spi.c ****     /**SPI1 GPIO Configuration
 169              		.loc 1 74 5 view .LVU45
 170 0030 DB6A     		ldr	r3, [r3, #44]
 171 0032 1A40     		ands	r2, r3
 172 0034 0092     		str	r2, [sp]
  74:Core/Src/spi.c ****     /**SPI1 GPIO Configuration
 173              		.loc 1 74 5 view .LVU46
 174 0036 009B     		ldr	r3, [sp]
 175              	.LBE2:
  74:Core/Src/spi.c ****     /**SPI1 GPIO Configuration
 176              		.loc 1 74 5 view .LVU47
  81:Core/Src/spi.c ****     GPIO_InitStruct.Mode = GPIO_MODE_AF_PP;
 177              		.loc 1 81 5 view .LVU48
  81:Core/Src/spi.c ****     GPIO_InitStruct.Mode = GPIO_MODE_AF_PP;
 178              		.loc 1 81 25 is_stmt 0 view .LVU49
 179 0038 F023     		movs	r3, #240
 180 003a 0193     		str	r3, [sp, #4]
  82:Core/Src/spi.c ****     GPIO_InitStruct.Pull = GPIO_NOPULL;
 181              		.loc 1 82 5 is_stmt 1 view .LVU50
  82:Core/Src/spi.c ****     GPIO_InitStruct.Pull = GPIO_NOPULL;
 182              		.loc 1 82 26 is_stmt 0 view .LVU51
 183 003c EE3B     		subs	r3, r3, #238
 184 003e 0293     		str	r3, [sp, #8]
ARM GAS  C:\Users\User\AppData\Local\Temp\cc8VUBKf.s 			page 6


  83:Core/Src/spi.c ****     GPIO_InitStruct.Speed = GPIO_SPEED_FREQ_VERY_HIGH;
 185              		.loc 1 83 5 is_stmt 1 view .LVU52
  84:Core/Src/spi.c ****     GPIO_InitStruct.Alternate = GPIO_AF0_SPI1;
 186              		.loc 1 84 5 view .LVU53
  84:Core/Src/spi.c ****     GPIO_InitStruct.Alternate = GPIO_AF0_SPI1;
 187              		.loc 1 84 27 is_stmt 0 view .LVU54
 188 0040 0133     		adds	r3, r3, #1
 189 0042 0493     		str	r3, [sp, #16]
  85:Core/Src/spi.c ****     HAL_GPIO_Init(GPIOA, &GPIO_InitStruct);
 190              		.loc 1 85 5 is_stmt 1 view .LVU55
  86:Core/Src/spi.c **** 
 191              		.loc 1 86 5 view .LVU56
 192 0044 A020     		movs	r0, #160
 193 0046 01A9     		add	r1, sp, #4
 194 0048 C005     		lsls	r0, r0, #23
 195 004a FFF7FEFF 		bl	HAL_GPIO_Init
 196              	.LVL7:
 197              		.loc 1 92 1 is_stmt 0 view .LVU57
 198 004e E3E7     		b	.L6
 199              	.L10:
 200              		.align	2
 201              	.L9:
 202 0050 00300140 		.word	1073819648
 203 0054 00100240 		.word	1073876992
 204              		.cfi_endproc
 205              	.LFE48:
 207              		.section	.text.HAL_SPI_MspDeInit,"ax",%progbits
 208              		.align	1
 209              		.global	HAL_SPI_MspDeInit
 210              		.syntax unified
 211              		.code	16
 212              		.thumb_func
 214              	HAL_SPI_MspDeInit:
 215              	.LVL8:
 216              	.LFB49:
  93:Core/Src/spi.c **** 
  94:Core/Src/spi.c **** void HAL_SPI_MspDeInit(SPI_HandleTypeDef* spiHandle)
  95:Core/Src/spi.c **** {
 217              		.loc 1 95 1 is_stmt 1 view -0
 218              		.cfi_startproc
 219              		@ args = 0, pretend = 0, frame = 0
 220              		@ frame_needed = 0, uses_anonymous_args = 0
 221              		.loc 1 95 1 is_stmt 0 view .LVU59
 222 0000 10B5     		push	{r4, lr}
 223              	.LCFI3:
 224              		.cfi_def_cfa_offset 8
 225              		.cfi_offset 4, -8
 226              		.cfi_offset 14, -4
  96:Core/Src/spi.c **** 
  97:Core/Src/spi.c ****   if(spiHandle->Instance==SPI1)
 227              		.loc 1 97 3 is_stmt 1 view .LVU60
 228              		.loc 1 97 15 is_stmt 0 view .LVU61
 229 0002 0268     		ldr	r2, [r0]
 230              		.loc 1 97 5 view .LVU62
 231 0004 074B     		ldr	r3, .L14
 232 0006 9A42     		cmp	r2, r3
 233 0008 00D0     		beq	.L13
ARM GAS  C:\Users\User\AppData\Local\Temp\cc8VUBKf.s 			page 7


 234              	.LVL9:
 235              	.L11:
  98:Core/Src/spi.c ****   {
  99:Core/Src/spi.c ****   /* USER CODE BEGIN SPI1_MspDeInit 0 */
 100:Core/Src/spi.c **** 
 101:Core/Src/spi.c ****   /* USER CODE END SPI1_MspDeInit 0 */
 102:Core/Src/spi.c ****     /* Peripheral clock disable */
 103:Core/Src/spi.c ****     __HAL_RCC_SPI1_CLK_DISABLE();
 104:Core/Src/spi.c **** 
 105:Core/Src/spi.c ****     /**SPI1 GPIO Configuration
 106:Core/Src/spi.c ****     PA4     ------> SPI1_NSS
 107:Core/Src/spi.c ****     PA5     ------> SPI1_SCK
 108:Core/Src/spi.c ****     PA6     ------> SPI1_MISO
 109:Core/Src/spi.c ****     PA7     ------> SPI1_MOSI
 110:Core/Src/spi.c ****     */
 111:Core/Src/spi.c ****     HAL_GPIO_DeInit(GPIOA, GPIO_PIN_4|GPIO_PIN_5|GPIO_PIN_6|GPIO_PIN_7);
 112:Core/Src/spi.c **** 
 113:Core/Src/spi.c ****   /* USER CODE BEGIN SPI1_MspDeInit 1 */
 114:Core/Src/spi.c **** 
 115:Core/Src/spi.c ****   /* USER CODE END SPI1_MspDeInit 1 */
 116:Core/Src/spi.c ****   }
 117:Core/Src/spi.c **** }
 236              		.loc 1 117 1 view .LVU63
 237              		@ sp needed
 238 000a 10BD     		pop	{r4, pc}
 239              	.LVL10:
 240              	.L13:
 103:Core/Src/spi.c **** 
 241              		.loc 1 103 5 is_stmt 1 view .LVU64
 242 000c 064A     		ldr	r2, .L14+4
 243 000e 536B     		ldr	r3, [r2, #52]
 244 0010 0649     		ldr	r1, .L14+8
 245 0012 0B40     		ands	r3, r1
 246 0014 5363     		str	r3, [r2, #52]
 111:Core/Src/spi.c **** 
 247              		.loc 1 111 5 view .LVU65
 248 0016 A020     		movs	r0, #160
 249              	.LVL11:
 111:Core/Src/spi.c **** 
 250              		.loc 1 111 5 is_stmt 0 view .LVU66
 251 0018 F021     		movs	r1, #240
 252 001a C005     		lsls	r0, r0, #23
 253 001c FFF7FEFF 		bl	HAL_GPIO_DeInit
 254              	.LVL12:
 255              		.loc 1 117 1 view .LVU67
 256 0020 F3E7     		b	.L11
 257              	.L15:
 258 0022 C046     		.align	2
 259              	.L14:
 260 0024 00300140 		.word	1073819648
 261 0028 00100240 		.word	1073876992
 262 002c FFEFFFFF 		.word	-4097
 263              		.cfi_endproc
 264              	.LFE49:
 266              		.global	hspi1
 267              		.section	.bss.hspi1,"aw",%nobits
 268              		.align	2
ARM GAS  C:\Users\User\AppData\Local\Temp\cc8VUBKf.s 			page 8


 271              	hspi1:
 272 0000 00000000 		.space	88
 272      00000000 
 272      00000000 
 272      00000000 
 272      00000000 
 273              		.text
 274              	.Letext0:
 275              		.file 2 "c:\\program files (x86)\\arm gnu toolchain arm-none-eabi\\12.2 rel1\\arm-none-eabi\\inclu
 276              		.file 3 "c:\\program files (x86)\\arm gnu toolchain arm-none-eabi\\12.2 rel1\\arm-none-eabi\\inclu
 277              		.file 4 "Drivers/CMSIS/Device/ST/STM32L0xx/Include/stm32l071xx.h"
 278              		.file 5 "Drivers/STM32L0xx_HAL_Driver/Inc/stm32l0xx_hal_def.h"
 279              		.file 6 "Drivers/STM32L0xx_HAL_Driver/Inc/stm32l0xx_hal_gpio.h"
 280              		.file 7 "Drivers/STM32L0xx_HAL_Driver/Inc/stm32l0xx_hal_dma.h"
 281              		.file 8 "Drivers/STM32L0xx_HAL_Driver/Inc/stm32l0xx_hal_spi.h"
 282              		.file 9 "Core/Inc/spi.h"
 283              		.file 10 "Core/Inc/main.h"
 284              		.file 11 "<built-in>"
ARM GAS  C:\Users\User\AppData\Local\Temp\cc8VUBKf.s 			page 9


DEFINED SYMBOLS
                            *ABS*:00000000 spi.c
C:\Users\User\AppData\Local\Temp\cc8VUBKf.s:19     .text.MX_SPI1_Init:00000000 $t
C:\Users\User\AppData\Local\Temp\cc8VUBKf.s:25     .text.MX_SPI1_Init:00000000 MX_SPI1_Init
C:\Users\User\AppData\Local\Temp\cc8VUBKf.s:100    .text.MX_SPI1_Init:0000003c $d
C:\Users\User\AppData\Local\Temp\cc8VUBKf.s:271    .bss.hspi1:00000000 hspi1
C:\Users\User\AppData\Local\Temp\cc8VUBKf.s:106    .text.HAL_SPI_MspInit:00000000 $t
C:\Users\User\AppData\Local\Temp\cc8VUBKf.s:112    .text.HAL_SPI_MspInit:00000000 HAL_SPI_MspInit
C:\Users\User\AppData\Local\Temp\cc8VUBKf.s:202    .text.HAL_SPI_MspInit:00000050 $d
C:\Users\User\AppData\Local\Temp\cc8VUBKf.s:208    .text.HAL_SPI_MspDeInit:00000000 $t
C:\Users\User\AppData\Local\Temp\cc8VUBKf.s:214    .text.HAL_SPI_MspDeInit:00000000 HAL_SPI_MspDeInit
C:\Users\User\AppData\Local\Temp\cc8VUBKf.s:260    .text.HAL_SPI_MspDeInit:00000024 $d
C:\Users\User\AppData\Local\Temp\cc8VUBKf.s:268    .bss.hspi1:00000000 $d

UNDEFINED SYMBOLS
HAL_SPI_Init
Error_Handler
memset
HAL_GPIO_Init
HAL_GPIO_DeInit
