ARM GAS  C:\Users\User\AppData\Local\Temp\cc5OSlRy.s 			page 1


   1              		.cpu cortex-m0plus
   2              		.arch armv6s-m
   3              		.fpu softvfp
   4              		.eabi_attribute 20, 1
   5              		.eabi_attribute 21, 1
   6              		.eabi_attribute 23, 3
   7              		.eabi_attribute 24, 1
   8              		.eabi_attribute 25, 1
   9              		.eabi_attribute 26, 1
  10              		.eabi_attribute 30, 1
  11              		.eabi_attribute 34, 0
  12              		.eabi_attribute 18, 4
  13              		.file	"stm32l0xx_hal_exti.c"
  14              		.text
  15              	.Ltext0:
  16              		.cfi_sections	.debug_frame
  17              		.file 1 "Drivers/STM32L0xx_HAL_Driver/Src/stm32l0xx_hal_exti.c"
  18              		.section	.text.HAL_EXTI_SetConfigLine,"ax",%progbits
  19              		.align	1
  20              		.global	HAL_EXTI_SetConfigLine
  21              		.syntax unified
  22              		.code	16
  23              		.thumb_func
  25              	HAL_EXTI_SetConfigLine:
  26              	.LVL0:
  27              	.LFB47:
   1:Drivers/STM32L0xx_HAL_Driver/Src/stm32l0xx_hal_exti.c **** /**
   2:Drivers/STM32L0xx_HAL_Driver/Src/stm32l0xx_hal_exti.c ****   ******************************************************************************
   3:Drivers/STM32L0xx_HAL_Driver/Src/stm32l0xx_hal_exti.c ****   * @file    stm32l0xx_hal_exti.c
   4:Drivers/STM32L0xx_HAL_Driver/Src/stm32l0xx_hal_exti.c ****   * @author  MCD Application Team
   5:Drivers/STM32L0xx_HAL_Driver/Src/stm32l0xx_hal_exti.c ****   * @brief   EXTI HAL module driver.
   6:Drivers/STM32L0xx_HAL_Driver/Src/stm32l0xx_hal_exti.c ****   *          This file provides firmware functions to manage the following
   7:Drivers/STM32L0xx_HAL_Driver/Src/stm32l0xx_hal_exti.c ****   *          functionalities of the Extended Interrupts and events controller (EXTI) peripheral:
   8:Drivers/STM32L0xx_HAL_Driver/Src/stm32l0xx_hal_exti.c ****   *           + Initialization and de-initialization functions
   9:Drivers/STM32L0xx_HAL_Driver/Src/stm32l0xx_hal_exti.c ****   *           + IO operation functions
  10:Drivers/STM32L0xx_HAL_Driver/Src/stm32l0xx_hal_exti.c ****   *
  11:Drivers/STM32L0xx_HAL_Driver/Src/stm32l0xx_hal_exti.c ****   @verbatim
  12:Drivers/STM32L0xx_HAL_Driver/Src/stm32l0xx_hal_exti.c ****   ==============================================================================
  13:Drivers/STM32L0xx_HAL_Driver/Src/stm32l0xx_hal_exti.c ****                     ##### EXTI Peripheral features #####
  14:Drivers/STM32L0xx_HAL_Driver/Src/stm32l0xx_hal_exti.c ****   ==============================================================================
  15:Drivers/STM32L0xx_HAL_Driver/Src/stm32l0xx_hal_exti.c ****   [..]
  16:Drivers/STM32L0xx_HAL_Driver/Src/stm32l0xx_hal_exti.c ****     (+) Each Exti line can be configured within this driver.
  17:Drivers/STM32L0xx_HAL_Driver/Src/stm32l0xx_hal_exti.c **** 
  18:Drivers/STM32L0xx_HAL_Driver/Src/stm32l0xx_hal_exti.c ****     (+) Exti line can be configured in 3 different modes
  19:Drivers/STM32L0xx_HAL_Driver/Src/stm32l0xx_hal_exti.c ****         (++) Interrupt
  20:Drivers/STM32L0xx_HAL_Driver/Src/stm32l0xx_hal_exti.c ****         (++) Event
  21:Drivers/STM32L0xx_HAL_Driver/Src/stm32l0xx_hal_exti.c ****         (++) Both of them
  22:Drivers/STM32L0xx_HAL_Driver/Src/stm32l0xx_hal_exti.c **** 
  23:Drivers/STM32L0xx_HAL_Driver/Src/stm32l0xx_hal_exti.c ****     (+) Configurable Exti lines can be configured with 3 different triggers
  24:Drivers/STM32L0xx_HAL_Driver/Src/stm32l0xx_hal_exti.c ****         (++) Rising
  25:Drivers/STM32L0xx_HAL_Driver/Src/stm32l0xx_hal_exti.c ****         (++) Falling
  26:Drivers/STM32L0xx_HAL_Driver/Src/stm32l0xx_hal_exti.c ****         (++) Both of them
  27:Drivers/STM32L0xx_HAL_Driver/Src/stm32l0xx_hal_exti.c **** 
  28:Drivers/STM32L0xx_HAL_Driver/Src/stm32l0xx_hal_exti.c ****     (+) When set in interrupt mode, configurable Exti lines have two different
  29:Drivers/STM32L0xx_HAL_Driver/Src/stm32l0xx_hal_exti.c ****         interrupts pending registers which allow to distinguish which transition
  30:Drivers/STM32L0xx_HAL_Driver/Src/stm32l0xx_hal_exti.c ****         occurs:
  31:Drivers/STM32L0xx_HAL_Driver/Src/stm32l0xx_hal_exti.c ****         (++) Rising edge pending interrupt
ARM GAS  C:\Users\User\AppData\Local\Temp\cc5OSlRy.s 			page 2


  32:Drivers/STM32L0xx_HAL_Driver/Src/stm32l0xx_hal_exti.c ****         (++) Falling
  33:Drivers/STM32L0xx_HAL_Driver/Src/stm32l0xx_hal_exti.c **** 
  34:Drivers/STM32L0xx_HAL_Driver/Src/stm32l0xx_hal_exti.c ****     (+) Exti lines 0 to 15 are linked to gpio pin number 0 to 15. Gpio port can
  35:Drivers/STM32L0xx_HAL_Driver/Src/stm32l0xx_hal_exti.c ****         be selected through multiplexer.
  36:Drivers/STM32L0xx_HAL_Driver/Src/stm32l0xx_hal_exti.c **** 
  37:Drivers/STM32L0xx_HAL_Driver/Src/stm32l0xx_hal_exti.c ****                      ##### How to use this driver #####
  38:Drivers/STM32L0xx_HAL_Driver/Src/stm32l0xx_hal_exti.c ****   ==============================================================================
  39:Drivers/STM32L0xx_HAL_Driver/Src/stm32l0xx_hal_exti.c ****   [..]
  40:Drivers/STM32L0xx_HAL_Driver/Src/stm32l0xx_hal_exti.c **** 
  41:Drivers/STM32L0xx_HAL_Driver/Src/stm32l0xx_hal_exti.c ****     (#) Configure the EXTI line using HAL_EXTI_SetConfigLine().
  42:Drivers/STM32L0xx_HAL_Driver/Src/stm32l0xx_hal_exti.c ****         (++) Choose the interrupt line number by setting "Line" member from
  43:Drivers/STM32L0xx_HAL_Driver/Src/stm32l0xx_hal_exti.c ****              EXTI_ConfigTypeDef structure.
  44:Drivers/STM32L0xx_HAL_Driver/Src/stm32l0xx_hal_exti.c ****         (++) Configure the interrupt and/or event mode using "Mode" member from
  45:Drivers/STM32L0xx_HAL_Driver/Src/stm32l0xx_hal_exti.c ****              EXTI_ConfigTypeDef structure.
  46:Drivers/STM32L0xx_HAL_Driver/Src/stm32l0xx_hal_exti.c ****         (++) For configurable lines, configure rising and/or falling trigger
  47:Drivers/STM32L0xx_HAL_Driver/Src/stm32l0xx_hal_exti.c ****              "Trigger" member from EXTI_ConfigTypeDef structure.
  48:Drivers/STM32L0xx_HAL_Driver/Src/stm32l0xx_hal_exti.c ****         (++) For Exti lines linked to gpio, choose gpio port using "GPIOSel"
  49:Drivers/STM32L0xx_HAL_Driver/Src/stm32l0xx_hal_exti.c ****              member from GPIO_InitTypeDef structure.
  50:Drivers/STM32L0xx_HAL_Driver/Src/stm32l0xx_hal_exti.c **** 
  51:Drivers/STM32L0xx_HAL_Driver/Src/stm32l0xx_hal_exti.c ****     (#) Get current Exti configuration of a dedicated line using
  52:Drivers/STM32L0xx_HAL_Driver/Src/stm32l0xx_hal_exti.c ****         HAL_EXTI_GetConfigLine().
  53:Drivers/STM32L0xx_HAL_Driver/Src/stm32l0xx_hal_exti.c ****         (++) Provide exiting handle as parameter.
  54:Drivers/STM32L0xx_HAL_Driver/Src/stm32l0xx_hal_exti.c ****         (++) Provide pointer on EXTI_ConfigTypeDef structure as second parameter.
  55:Drivers/STM32L0xx_HAL_Driver/Src/stm32l0xx_hal_exti.c **** 
  56:Drivers/STM32L0xx_HAL_Driver/Src/stm32l0xx_hal_exti.c ****     (#) Clear Exti configuration of a dedicated line using HAL_EXTI_GetConfigLine().
  57:Drivers/STM32L0xx_HAL_Driver/Src/stm32l0xx_hal_exti.c ****         (++) Provide exiting handle as parameter.
  58:Drivers/STM32L0xx_HAL_Driver/Src/stm32l0xx_hal_exti.c **** 
  59:Drivers/STM32L0xx_HAL_Driver/Src/stm32l0xx_hal_exti.c ****     (#) Register callback to treat Exti interrupts using HAL_EXTI_RegisterCallback().
  60:Drivers/STM32L0xx_HAL_Driver/Src/stm32l0xx_hal_exti.c ****         (++) Provide exiting handle as first parameter.
  61:Drivers/STM32L0xx_HAL_Driver/Src/stm32l0xx_hal_exti.c ****         (++) Provide which callback will be registered using one value from
  62:Drivers/STM32L0xx_HAL_Driver/Src/stm32l0xx_hal_exti.c ****              EXTI_CallbackIDTypeDef.
  63:Drivers/STM32L0xx_HAL_Driver/Src/stm32l0xx_hal_exti.c ****         (++) Provide callback function pointer.
  64:Drivers/STM32L0xx_HAL_Driver/Src/stm32l0xx_hal_exti.c **** 
  65:Drivers/STM32L0xx_HAL_Driver/Src/stm32l0xx_hal_exti.c ****     (#) Get interrupt pending bit using HAL_EXTI_GetPending().
  66:Drivers/STM32L0xx_HAL_Driver/Src/stm32l0xx_hal_exti.c **** 
  67:Drivers/STM32L0xx_HAL_Driver/Src/stm32l0xx_hal_exti.c ****     (#) Clear interrupt pending bit using HAL_EXTI_GetPending().
  68:Drivers/STM32L0xx_HAL_Driver/Src/stm32l0xx_hal_exti.c **** 
  69:Drivers/STM32L0xx_HAL_Driver/Src/stm32l0xx_hal_exti.c ****     (#) Generate software interrupt using HAL_EXTI_GenerateSWI().
  70:Drivers/STM32L0xx_HAL_Driver/Src/stm32l0xx_hal_exti.c **** 
  71:Drivers/STM32L0xx_HAL_Driver/Src/stm32l0xx_hal_exti.c ****   @endverbatim
  72:Drivers/STM32L0xx_HAL_Driver/Src/stm32l0xx_hal_exti.c ****   ******************************************************************************
  73:Drivers/STM32L0xx_HAL_Driver/Src/stm32l0xx_hal_exti.c ****   * @attention
  74:Drivers/STM32L0xx_HAL_Driver/Src/stm32l0xx_hal_exti.c ****   *
  75:Drivers/STM32L0xx_HAL_Driver/Src/stm32l0xx_hal_exti.c ****   * <h2><center>&copy; Copyright (c) 2019 STMicroelectronics.
  76:Drivers/STM32L0xx_HAL_Driver/Src/stm32l0xx_hal_exti.c ****   * All rights reserved.</center></h2>
  77:Drivers/STM32L0xx_HAL_Driver/Src/stm32l0xx_hal_exti.c ****   *
  78:Drivers/STM32L0xx_HAL_Driver/Src/stm32l0xx_hal_exti.c ****   * This software component is licensed by ST under BSD 3-Clause license,
  79:Drivers/STM32L0xx_HAL_Driver/Src/stm32l0xx_hal_exti.c ****   * the "License"; You may not use this file except in compliance with the
  80:Drivers/STM32L0xx_HAL_Driver/Src/stm32l0xx_hal_exti.c ****   * License. You may obtain a copy of the License at:
  81:Drivers/STM32L0xx_HAL_Driver/Src/stm32l0xx_hal_exti.c ****   *                        opensource.org/licenses/BSD-3-Clause
  82:Drivers/STM32L0xx_HAL_Driver/Src/stm32l0xx_hal_exti.c ****   *
  83:Drivers/STM32L0xx_HAL_Driver/Src/stm32l0xx_hal_exti.c ****   ******************************************************************************
  84:Drivers/STM32L0xx_HAL_Driver/Src/stm32l0xx_hal_exti.c ****   */
  85:Drivers/STM32L0xx_HAL_Driver/Src/stm32l0xx_hal_exti.c **** 
  86:Drivers/STM32L0xx_HAL_Driver/Src/stm32l0xx_hal_exti.c **** /* Includes ------------------------------------------------------------------*/
  87:Drivers/STM32L0xx_HAL_Driver/Src/stm32l0xx_hal_exti.c **** #include "stm32l0xx_hal.h"
  88:Drivers/STM32L0xx_HAL_Driver/Src/stm32l0xx_hal_exti.c **** 
ARM GAS  C:\Users\User\AppData\Local\Temp\cc5OSlRy.s 			page 3


  89:Drivers/STM32L0xx_HAL_Driver/Src/stm32l0xx_hal_exti.c **** /** @addtogroup STM32L0xx_HAL_Driver
  90:Drivers/STM32L0xx_HAL_Driver/Src/stm32l0xx_hal_exti.c ****   * @{
  91:Drivers/STM32L0xx_HAL_Driver/Src/stm32l0xx_hal_exti.c ****   */
  92:Drivers/STM32L0xx_HAL_Driver/Src/stm32l0xx_hal_exti.c **** 
  93:Drivers/STM32L0xx_HAL_Driver/Src/stm32l0xx_hal_exti.c **** /** @addtogroup EXTI
  94:Drivers/STM32L0xx_HAL_Driver/Src/stm32l0xx_hal_exti.c ****   * @{
  95:Drivers/STM32L0xx_HAL_Driver/Src/stm32l0xx_hal_exti.c ****   */
  96:Drivers/STM32L0xx_HAL_Driver/Src/stm32l0xx_hal_exti.c **** /** MISRA C:2012 deviation rule has been granted for following rule:
  97:Drivers/STM32L0xx_HAL_Driver/Src/stm32l0xx_hal_exti.c ****   * Rule-18.1_b - Medium: Array `EXTICR' 1st subscript interval [0,7] may be out
  98:Drivers/STM32L0xx_HAL_Driver/Src/stm32l0xx_hal_exti.c ****   * of bounds [0,3] in following API :
  99:Drivers/STM32L0xx_HAL_Driver/Src/stm32l0xx_hal_exti.c ****   * HAL_EXTI_SetConfigLine
 100:Drivers/STM32L0xx_HAL_Driver/Src/stm32l0xx_hal_exti.c ****   * HAL_EXTI_GetConfigLine
 101:Drivers/STM32L0xx_HAL_Driver/Src/stm32l0xx_hal_exti.c ****   * HAL_EXTI_ClearConfigLine
 102:Drivers/STM32L0xx_HAL_Driver/Src/stm32l0xx_hal_exti.c ****   */
 103:Drivers/STM32L0xx_HAL_Driver/Src/stm32l0xx_hal_exti.c **** 
 104:Drivers/STM32L0xx_HAL_Driver/Src/stm32l0xx_hal_exti.c **** #ifdef HAL_EXTI_MODULE_ENABLED
 105:Drivers/STM32L0xx_HAL_Driver/Src/stm32l0xx_hal_exti.c **** 
 106:Drivers/STM32L0xx_HAL_Driver/Src/stm32l0xx_hal_exti.c **** /* Private typedef -----------------------------------------------------------*/
 107:Drivers/STM32L0xx_HAL_Driver/Src/stm32l0xx_hal_exti.c **** /* Private defines -----------------------------------------------------------*/
 108:Drivers/STM32L0xx_HAL_Driver/Src/stm32l0xx_hal_exti.c **** /** @defgroup EXTI_Private_Constants EXTI Private Constants
 109:Drivers/STM32L0xx_HAL_Driver/Src/stm32l0xx_hal_exti.c ****   * @{
 110:Drivers/STM32L0xx_HAL_Driver/Src/stm32l0xx_hal_exti.c ****   */
 111:Drivers/STM32L0xx_HAL_Driver/Src/stm32l0xx_hal_exti.c **** 
 112:Drivers/STM32L0xx_HAL_Driver/Src/stm32l0xx_hal_exti.c **** /**
 113:Drivers/STM32L0xx_HAL_Driver/Src/stm32l0xx_hal_exti.c ****   * @}
 114:Drivers/STM32L0xx_HAL_Driver/Src/stm32l0xx_hal_exti.c ****   */
 115:Drivers/STM32L0xx_HAL_Driver/Src/stm32l0xx_hal_exti.c **** 
 116:Drivers/STM32L0xx_HAL_Driver/Src/stm32l0xx_hal_exti.c **** /* Private macros ------------------------------------------------------------*/
 117:Drivers/STM32L0xx_HAL_Driver/Src/stm32l0xx_hal_exti.c **** /* Private variables ---------------------------------------------------------*/
 118:Drivers/STM32L0xx_HAL_Driver/Src/stm32l0xx_hal_exti.c **** /* Private function prototypes -----------------------------------------------*/
 119:Drivers/STM32L0xx_HAL_Driver/Src/stm32l0xx_hal_exti.c **** /* Exported functions --------------------------------------------------------*/
 120:Drivers/STM32L0xx_HAL_Driver/Src/stm32l0xx_hal_exti.c **** 
 121:Drivers/STM32L0xx_HAL_Driver/Src/stm32l0xx_hal_exti.c **** /** @addtogroup EXTI_Exported_Functions
 122:Drivers/STM32L0xx_HAL_Driver/Src/stm32l0xx_hal_exti.c ****   * @{
 123:Drivers/STM32L0xx_HAL_Driver/Src/stm32l0xx_hal_exti.c ****   */
 124:Drivers/STM32L0xx_HAL_Driver/Src/stm32l0xx_hal_exti.c **** 
 125:Drivers/STM32L0xx_HAL_Driver/Src/stm32l0xx_hal_exti.c **** /** @addtogroup EXTI_Exported_Functions_Group1
 126:Drivers/STM32L0xx_HAL_Driver/Src/stm32l0xx_hal_exti.c ****   *  @brief    Configuration functions
 127:Drivers/STM32L0xx_HAL_Driver/Src/stm32l0xx_hal_exti.c ****   *
 128:Drivers/STM32L0xx_HAL_Driver/Src/stm32l0xx_hal_exti.c **** @verbatim
 129:Drivers/STM32L0xx_HAL_Driver/Src/stm32l0xx_hal_exti.c ****  ===============================================================================
 130:Drivers/STM32L0xx_HAL_Driver/Src/stm32l0xx_hal_exti.c ****               ##### Configuration functions #####
 131:Drivers/STM32L0xx_HAL_Driver/Src/stm32l0xx_hal_exti.c ****  ===============================================================================
 132:Drivers/STM32L0xx_HAL_Driver/Src/stm32l0xx_hal_exti.c **** 
 133:Drivers/STM32L0xx_HAL_Driver/Src/stm32l0xx_hal_exti.c **** @endverbatim
 134:Drivers/STM32L0xx_HAL_Driver/Src/stm32l0xx_hal_exti.c ****   * @{
 135:Drivers/STM32L0xx_HAL_Driver/Src/stm32l0xx_hal_exti.c ****   */
 136:Drivers/STM32L0xx_HAL_Driver/Src/stm32l0xx_hal_exti.c **** 
 137:Drivers/STM32L0xx_HAL_Driver/Src/stm32l0xx_hal_exti.c **** /**
 138:Drivers/STM32L0xx_HAL_Driver/Src/stm32l0xx_hal_exti.c ****   * @brief  Set configuration of a dedicated Exti line.
 139:Drivers/STM32L0xx_HAL_Driver/Src/stm32l0xx_hal_exti.c ****   * @param  hexti Exti handle.
 140:Drivers/STM32L0xx_HAL_Driver/Src/stm32l0xx_hal_exti.c ****   * @param  pExtiConfig Pointer on EXTI configuration to be set.
 141:Drivers/STM32L0xx_HAL_Driver/Src/stm32l0xx_hal_exti.c ****   * @retval HAL Status.
 142:Drivers/STM32L0xx_HAL_Driver/Src/stm32l0xx_hal_exti.c ****   */
 143:Drivers/STM32L0xx_HAL_Driver/Src/stm32l0xx_hal_exti.c **** HAL_StatusTypeDef HAL_EXTI_SetConfigLine(EXTI_HandleTypeDef *hexti, EXTI_ConfigTypeDef *pExtiConfig
 144:Drivers/STM32L0xx_HAL_Driver/Src/stm32l0xx_hal_exti.c **** {
  28              		.loc 1 144 1 view -0
ARM GAS  C:\Users\User\AppData\Local\Temp\cc5OSlRy.s 			page 4


  29              		.cfi_startproc
  30              		@ args = 0, pretend = 0, frame = 0
  31              		@ frame_needed = 0, uses_anonymous_args = 0
  32              		.loc 1 144 1 is_stmt 0 view .LVU1
  33 0000 70B5     		push	{r4, r5, r6, lr}
  34              	.LCFI0:
  35              		.cfi_def_cfa_offset 16
  36              		.cfi_offset 4, -16
  37              		.cfi_offset 5, -12
  38              		.cfi_offset 6, -8
  39              		.cfi_offset 14, -4
 145:Drivers/STM32L0xx_HAL_Driver/Src/stm32l0xx_hal_exti.c ****   uint32_t regval;
  40              		.loc 1 145 3 is_stmt 1 view .LVU2
 146:Drivers/STM32L0xx_HAL_Driver/Src/stm32l0xx_hal_exti.c ****   uint32_t linepos;
  41              		.loc 1 146 3 view .LVU3
 147:Drivers/STM32L0xx_HAL_Driver/Src/stm32l0xx_hal_exti.c ****   uint32_t maskline;
  42              		.loc 1 147 3 view .LVU4
 148:Drivers/STM32L0xx_HAL_Driver/Src/stm32l0xx_hal_exti.c **** 
 149:Drivers/STM32L0xx_HAL_Driver/Src/stm32l0xx_hal_exti.c ****   /* Check null pointer */
 150:Drivers/STM32L0xx_HAL_Driver/Src/stm32l0xx_hal_exti.c ****   if ((hexti == NULL) || (pExtiConfig == NULL))
  43              		.loc 1 150 3 view .LVU5
  44              		.loc 1 150 6 is_stmt 0 view .LVU6
  45 0002 0028     		cmp	r0, #0
  46 0004 53D0     		beq	.L11
  47              		.loc 1 150 23 discriminator 1 view .LVU7
  48 0006 0029     		cmp	r1, #0
  49 0008 53D0     		beq	.L12
 151:Drivers/STM32L0xx_HAL_Driver/Src/stm32l0xx_hal_exti.c ****   {
 152:Drivers/STM32L0xx_HAL_Driver/Src/stm32l0xx_hal_exti.c ****     return HAL_ERROR;
 153:Drivers/STM32L0xx_HAL_Driver/Src/stm32l0xx_hal_exti.c ****   }
 154:Drivers/STM32L0xx_HAL_Driver/Src/stm32l0xx_hal_exti.c **** 
 155:Drivers/STM32L0xx_HAL_Driver/Src/stm32l0xx_hal_exti.c ****   /* Check parameters */
 156:Drivers/STM32L0xx_HAL_Driver/Src/stm32l0xx_hal_exti.c ****   assert_param(IS_EXTI_LINE(pExtiConfig->Line));
  50              		.loc 1 156 3 is_stmt 1 view .LVU8
 157:Drivers/STM32L0xx_HAL_Driver/Src/stm32l0xx_hal_exti.c ****   assert_param(IS_EXTI_MODE(pExtiConfig->Mode));
  51              		.loc 1 157 3 view .LVU9
 158:Drivers/STM32L0xx_HAL_Driver/Src/stm32l0xx_hal_exti.c **** 
 159:Drivers/STM32L0xx_HAL_Driver/Src/stm32l0xx_hal_exti.c ****   /* Assign line number to handle */
 160:Drivers/STM32L0xx_HAL_Driver/Src/stm32l0xx_hal_exti.c ****   hexti->Line = pExtiConfig->Line;
  52              		.loc 1 160 3 view .LVU10
  53              		.loc 1 160 28 is_stmt 0 view .LVU11
  54 000a 0C68     		ldr	r4, [r1]
  55              		.loc 1 160 15 view .LVU12
  56 000c 0460     		str	r4, [r0]
 161:Drivers/STM32L0xx_HAL_Driver/Src/stm32l0xx_hal_exti.c **** 
 162:Drivers/STM32L0xx_HAL_Driver/Src/stm32l0xx_hal_exti.c ****   /* Compute line mask */
 163:Drivers/STM32L0xx_HAL_Driver/Src/stm32l0xx_hal_exti.c ****   linepos = (pExtiConfig->Line & EXTI_PIN_MASK);
  57              		.loc 1 163 3 is_stmt 1 view .LVU13
  58              		.loc 1 163 11 is_stmt 0 view .LVU14
  59 000e 1F23     		movs	r3, #31
  60 0010 2340     		ands	r3, r4
  61              	.LVL1:
 164:Drivers/STM32L0xx_HAL_Driver/Src/stm32l0xx_hal_exti.c ****   maskline = (1uL << linepos);
  62              		.loc 1 164 3 is_stmt 1 view .LVU15
  63              		.loc 1 164 12 is_stmt 0 view .LVU16
  64 0012 0122     		movs	r2, #1
  65 0014 9A40     		lsls	r2, r2, r3
ARM GAS  C:\Users\User\AppData\Local\Temp\cc5OSlRy.s 			page 5


  66              	.LVL2:
 165:Drivers/STM32L0xx_HAL_Driver/Src/stm32l0xx_hal_exti.c **** 
 166:Drivers/STM32L0xx_HAL_Driver/Src/stm32l0xx_hal_exti.c ****   /* Configure triggers for configurable lines */
 167:Drivers/STM32L0xx_HAL_Driver/Src/stm32l0xx_hal_exti.c ****   if ((pExtiConfig->Line & EXTI_CONFIG) != 0x00u)
  67              		.loc 1 167 3 is_stmt 1 view .LVU17
  68              		.loc 1 167 6 is_stmt 0 view .LVU18
  69 0016 A001     		lsls	r0, r4, #6
  70 0018 13D5     		bpl	.L3
  71              	.LVL3:
 168:Drivers/STM32L0xx_HAL_Driver/Src/stm32l0xx_hal_exti.c ****   {
 169:Drivers/STM32L0xx_HAL_Driver/Src/stm32l0xx_hal_exti.c ****     assert_param(IS_EXTI_TRIGGER(pExtiConfig->Trigger));
  72              		.loc 1 169 5 is_stmt 1 view .LVU19
 170:Drivers/STM32L0xx_HAL_Driver/Src/stm32l0xx_hal_exti.c **** 
 171:Drivers/STM32L0xx_HAL_Driver/Src/stm32l0xx_hal_exti.c ****     /* Configure rising trigger */
 172:Drivers/STM32L0xx_HAL_Driver/Src/stm32l0xx_hal_exti.c ****     /* Mask or set line */
 173:Drivers/STM32L0xx_HAL_Driver/Src/stm32l0xx_hal_exti.c ****     if ((pExtiConfig->Trigger & EXTI_TRIGGER_RISING) != 0x00u)
  73              		.loc 1 173 5 view .LVU20
  74              		.loc 1 173 21 is_stmt 0 view .LVU21
  75 001a 8868     		ldr	r0, [r1, #8]
  76              		.loc 1 173 8 view .LVU22
  77 001c C007     		lsls	r0, r0, #31
  78 001e 20D5     		bpl	.L4
 174:Drivers/STM32L0xx_HAL_Driver/Src/stm32l0xx_hal_exti.c ****     {
 175:Drivers/STM32L0xx_HAL_Driver/Src/stm32l0xx_hal_exti.c ****       EXTI->RTSR |= maskline;
  79              		.loc 1 175 7 is_stmt 1 view .LVU23
  80              		.loc 1 175 11 is_stmt 0 view .LVU24
  81 0020 254D     		ldr	r5, .L15
  82 0022 A868     		ldr	r0, [r5, #8]
  83              		.loc 1 175 18 view .LVU25
  84 0024 1043     		orrs	r0, r2
  85 0026 A860     		str	r0, [r5, #8]
  86              	.L5:
 176:Drivers/STM32L0xx_HAL_Driver/Src/stm32l0xx_hal_exti.c ****     }
 177:Drivers/STM32L0xx_HAL_Driver/Src/stm32l0xx_hal_exti.c ****     else
 178:Drivers/STM32L0xx_HAL_Driver/Src/stm32l0xx_hal_exti.c ****     {
 179:Drivers/STM32L0xx_HAL_Driver/Src/stm32l0xx_hal_exti.c ****       EXTI->RTSR &= ~maskline;
 180:Drivers/STM32L0xx_HAL_Driver/Src/stm32l0xx_hal_exti.c ****     }
 181:Drivers/STM32L0xx_HAL_Driver/Src/stm32l0xx_hal_exti.c **** 
 182:Drivers/STM32L0xx_HAL_Driver/Src/stm32l0xx_hal_exti.c ****     /* Configure falling trigger */
 183:Drivers/STM32L0xx_HAL_Driver/Src/stm32l0xx_hal_exti.c ****     /* Mask or set line */
 184:Drivers/STM32L0xx_HAL_Driver/Src/stm32l0xx_hal_exti.c ****     if ((pExtiConfig->Trigger & EXTI_TRIGGER_FALLING) != 0x00u)
  87              		.loc 1 184 5 is_stmt 1 view .LVU26
  88              		.loc 1 184 21 is_stmt 0 view .LVU27
  89 0028 8868     		ldr	r0, [r1, #8]
  90              		.loc 1 184 8 view .LVU28
  91 002a 8007     		lsls	r0, r0, #30
  92 002c 1ED5     		bpl	.L6
 185:Drivers/STM32L0xx_HAL_Driver/Src/stm32l0xx_hal_exti.c ****     {
 186:Drivers/STM32L0xx_HAL_Driver/Src/stm32l0xx_hal_exti.c ****       EXTI->FTSR |= maskline;
  93              		.loc 1 186 7 is_stmt 1 view .LVU29
  94              		.loc 1 186 11 is_stmt 0 view .LVU30
  95 002e 224D     		ldr	r5, .L15
  96 0030 E868     		ldr	r0, [r5, #12]
  97              		.loc 1 186 18 view .LVU31
  98 0032 1043     		orrs	r0, r2
  99 0034 E860     		str	r0, [r5, #12]
 100              	.L7:
ARM GAS  C:\Users\User\AppData\Local\Temp\cc5OSlRy.s 			page 6


 187:Drivers/STM32L0xx_HAL_Driver/Src/stm32l0xx_hal_exti.c ****     }
 188:Drivers/STM32L0xx_HAL_Driver/Src/stm32l0xx_hal_exti.c ****     else
 189:Drivers/STM32L0xx_HAL_Driver/Src/stm32l0xx_hal_exti.c ****     {
 190:Drivers/STM32L0xx_HAL_Driver/Src/stm32l0xx_hal_exti.c ****       EXTI->FTSR &= ~maskline;
 191:Drivers/STM32L0xx_HAL_Driver/Src/stm32l0xx_hal_exti.c ****     }
 192:Drivers/STM32L0xx_HAL_Driver/Src/stm32l0xx_hal_exti.c **** 
 193:Drivers/STM32L0xx_HAL_Driver/Src/stm32l0xx_hal_exti.c **** 
 194:Drivers/STM32L0xx_HAL_Driver/Src/stm32l0xx_hal_exti.c ****     /* Configure gpio port selection in case of gpio exti line */
 195:Drivers/STM32L0xx_HAL_Driver/Src/stm32l0xx_hal_exti.c ****     if ((pExtiConfig->Line & EXTI_GPIO) == EXTI_GPIO)
 101              		.loc 1 195 5 is_stmt 1 view .LVU32
 102              		.loc 1 195 21 is_stmt 0 view .LVU33
 103 0036 0868     		ldr	r0, [r1]
 104              		.loc 1 195 28 view .LVU34
 105 0038 C025     		movs	r5, #192
 106 003a ED04     		lsls	r5, r5, #19
 107 003c 2840     		ands	r0, r5
 108              		.loc 1 195 8 view .LVU35
 109 003e A842     		cmp	r0, r5
 110 0040 19D0     		beq	.L14
 111              	.LVL4:
 112              	.L3:
 196:Drivers/STM32L0xx_HAL_Driver/Src/stm32l0xx_hal_exti.c ****     {
 197:Drivers/STM32L0xx_HAL_Driver/Src/stm32l0xx_hal_exti.c ****       assert_param(IS_EXTI_GPIO_PORT(pExtiConfig->GPIOSel));
 198:Drivers/STM32L0xx_HAL_Driver/Src/stm32l0xx_hal_exti.c ****       assert_param(IS_EXTI_GPIO_PIN(linepos));
 199:Drivers/STM32L0xx_HAL_Driver/Src/stm32l0xx_hal_exti.c **** 
 200:Drivers/STM32L0xx_HAL_Driver/Src/stm32l0xx_hal_exti.c ****       regval = SYSCFG->EXTICR[linepos >> 2u];
 201:Drivers/STM32L0xx_HAL_Driver/Src/stm32l0xx_hal_exti.c ****       regval &= ~(SYSCFG_EXTICR1_EXTI0 << (SYSCFG_EXTICR1_EXTI1_Pos * (linepos & 0x03u)));
 202:Drivers/STM32L0xx_HAL_Driver/Src/stm32l0xx_hal_exti.c ****       regval |= (pExtiConfig->GPIOSel << (SYSCFG_EXTICR1_EXTI1_Pos * (linepos & 0x03u)));
 203:Drivers/STM32L0xx_HAL_Driver/Src/stm32l0xx_hal_exti.c ****       SYSCFG->EXTICR[linepos >> 2u] = regval;
 204:Drivers/STM32L0xx_HAL_Driver/Src/stm32l0xx_hal_exti.c ****     }
 205:Drivers/STM32L0xx_HAL_Driver/Src/stm32l0xx_hal_exti.c ****   }
 206:Drivers/STM32L0xx_HAL_Driver/Src/stm32l0xx_hal_exti.c **** 
 207:Drivers/STM32L0xx_HAL_Driver/Src/stm32l0xx_hal_exti.c ****   /* Configure interrupt mode : read current mode */
 208:Drivers/STM32L0xx_HAL_Driver/Src/stm32l0xx_hal_exti.c ****   /* Mask or set line */
 209:Drivers/STM32L0xx_HAL_Driver/Src/stm32l0xx_hal_exti.c ****   if ((pExtiConfig->Mode & EXTI_MODE_INTERRUPT) != 0x00u)
 113              		.loc 1 209 3 is_stmt 1 view .LVU36
 114              		.loc 1 209 19 is_stmt 0 view .LVU37
 115 0042 4B68     		ldr	r3, [r1, #4]
 116              		.loc 1 209 6 view .LVU38
 117 0044 DB07     		lsls	r3, r3, #31
 118 0046 27D5     		bpl	.L8
 210:Drivers/STM32L0xx_HAL_Driver/Src/stm32l0xx_hal_exti.c ****   {
 211:Drivers/STM32L0xx_HAL_Driver/Src/stm32l0xx_hal_exti.c ****     EXTI->IMR |= maskline;
 119              		.loc 1 211 5 is_stmt 1 view .LVU39
 120              		.loc 1 211 9 is_stmt 0 view .LVU40
 121 0048 1B48     		ldr	r0, .L15
 122 004a 0368     		ldr	r3, [r0]
 123              		.loc 1 211 15 view .LVU41
 124 004c 1343     		orrs	r3, r2
 125 004e 0360     		str	r3, [r0]
 126              	.L9:
 212:Drivers/STM32L0xx_HAL_Driver/Src/stm32l0xx_hal_exti.c ****   }
 213:Drivers/STM32L0xx_HAL_Driver/Src/stm32l0xx_hal_exti.c ****   else
 214:Drivers/STM32L0xx_HAL_Driver/Src/stm32l0xx_hal_exti.c ****   {
 215:Drivers/STM32L0xx_HAL_Driver/Src/stm32l0xx_hal_exti.c ****     EXTI->IMR &= ~maskline;
 216:Drivers/STM32L0xx_HAL_Driver/Src/stm32l0xx_hal_exti.c ****   }
 217:Drivers/STM32L0xx_HAL_Driver/Src/stm32l0xx_hal_exti.c **** 
ARM GAS  C:\Users\User\AppData\Local\Temp\cc5OSlRy.s 			page 7


 218:Drivers/STM32L0xx_HAL_Driver/Src/stm32l0xx_hal_exti.c ****   /* Configure event mode : read current mode */
 219:Drivers/STM32L0xx_HAL_Driver/Src/stm32l0xx_hal_exti.c ****   /* Mask or set line */
 220:Drivers/STM32L0xx_HAL_Driver/Src/stm32l0xx_hal_exti.c ****   if ((pExtiConfig->Mode & EXTI_MODE_EVENT) != 0x00u)
 127              		.loc 1 220 3 is_stmt 1 view .LVU42
 128              		.loc 1 220 19 is_stmt 0 view .LVU43
 129 0050 4B68     		ldr	r3, [r1, #4]
 130              		.loc 1 220 6 view .LVU44
 131 0052 9B07     		lsls	r3, r3, #30
 132 0054 25D5     		bpl	.L10
 221:Drivers/STM32L0xx_HAL_Driver/Src/stm32l0xx_hal_exti.c ****   {
 222:Drivers/STM32L0xx_HAL_Driver/Src/stm32l0xx_hal_exti.c ****     EXTI->EMR |= maskline;
 133              		.loc 1 222 5 is_stmt 1 view .LVU45
 134              		.loc 1 222 9 is_stmt 0 view .LVU46
 135 0056 1849     		ldr	r1, .L15
 136              	.LVL5:
 137              		.loc 1 222 9 view .LVU47
 138 0058 4B68     		ldr	r3, [r1, #4]
 139              		.loc 1 222 15 view .LVU48
 140 005a 1343     		orrs	r3, r2
 141 005c 4B60     		str	r3, [r1, #4]
 223:Drivers/STM32L0xx_HAL_Driver/Src/stm32l0xx_hal_exti.c ****   }
 224:Drivers/STM32L0xx_HAL_Driver/Src/stm32l0xx_hal_exti.c ****   else
 225:Drivers/STM32L0xx_HAL_Driver/Src/stm32l0xx_hal_exti.c ****   {
 226:Drivers/STM32L0xx_HAL_Driver/Src/stm32l0xx_hal_exti.c ****     EXTI->EMR &= ~maskline;
 227:Drivers/STM32L0xx_HAL_Driver/Src/stm32l0xx_hal_exti.c ****   }
 228:Drivers/STM32L0xx_HAL_Driver/Src/stm32l0xx_hal_exti.c **** 
 229:Drivers/STM32L0xx_HAL_Driver/Src/stm32l0xx_hal_exti.c ****   return HAL_OK;
 142              		.loc 1 229 10 view .LVU49
 143 005e 0020     		movs	r0, #0
 144              	.LVL6:
 145              	.L2:
 230:Drivers/STM32L0xx_HAL_Driver/Src/stm32l0xx_hal_exti.c **** }
 146              		.loc 1 230 1 view .LVU50
 147              		@ sp needed
 148 0060 70BD     		pop	{r4, r5, r6, pc}
 149              	.LVL7:
 150              	.L4:
 179:Drivers/STM32L0xx_HAL_Driver/Src/stm32l0xx_hal_exti.c ****     }
 151              		.loc 1 179 7 is_stmt 1 view .LVU51
 179:Drivers/STM32L0xx_HAL_Driver/Src/stm32l0xx_hal_exti.c ****     }
 152              		.loc 1 179 11 is_stmt 0 view .LVU52
 153 0062 154D     		ldr	r5, .L15
 154 0064 A868     		ldr	r0, [r5, #8]
 179:Drivers/STM32L0xx_HAL_Driver/Src/stm32l0xx_hal_exti.c ****     }
 155              		.loc 1 179 18 view .LVU53
 156 0066 9043     		bics	r0, r2
 157 0068 A860     		str	r0, [r5, #8]
 158 006a DDE7     		b	.L5
 159              	.L6:
 190:Drivers/STM32L0xx_HAL_Driver/Src/stm32l0xx_hal_exti.c ****     }
 160              		.loc 1 190 7 is_stmt 1 view .LVU54
 190:Drivers/STM32L0xx_HAL_Driver/Src/stm32l0xx_hal_exti.c ****     }
 161              		.loc 1 190 11 is_stmt 0 view .LVU55
 162 006c 124D     		ldr	r5, .L15
 163 006e E868     		ldr	r0, [r5, #12]
 190:Drivers/STM32L0xx_HAL_Driver/Src/stm32l0xx_hal_exti.c ****     }
 164              		.loc 1 190 18 view .LVU56
ARM GAS  C:\Users\User\AppData\Local\Temp\cc5OSlRy.s 			page 8


 165 0070 9043     		bics	r0, r2
 166 0072 E860     		str	r0, [r5, #12]
 167 0074 DFE7     		b	.L7
 168              	.L14:
 197:Drivers/STM32L0xx_HAL_Driver/Src/stm32l0xx_hal_exti.c ****       assert_param(IS_EXTI_GPIO_PIN(linepos));
 169              		.loc 1 197 7 is_stmt 1 view .LVU57
 198:Drivers/STM32L0xx_HAL_Driver/Src/stm32l0xx_hal_exti.c **** 
 170              		.loc 1 198 7 view .LVU58
 200:Drivers/STM32L0xx_HAL_Driver/Src/stm32l0xx_hal_exti.c ****       regval &= ~(SYSCFG_EXTICR1_EXTI0 << (SYSCFG_EXTICR1_EXTI1_Pos * (linepos & 0x03u)));
 171              		.loc 1 200 7 view .LVU59
 200:Drivers/STM32L0xx_HAL_Driver/Src/stm32l0xx_hal_exti.c ****       regval &= ~(SYSCFG_EXTICR1_EXTI0 << (SYSCFG_EXTICR1_EXTI1_Pos * (linepos & 0x03u)));
 172              		.loc 1 200 39 is_stmt 0 view .LVU60
 173 0076 9B08     		lsrs	r3, r3, #2
 174              	.LVL8:
 200:Drivers/STM32L0xx_HAL_Driver/Src/stm32l0xx_hal_exti.c ****       regval &= ~(SYSCFG_EXTICR1_EXTI0 << (SYSCFG_EXTICR1_EXTI1_Pos * (linepos & 0x03u)));
 175              		.loc 1 200 14 view .LVU61
 176 0078 104D     		ldr	r5, .L15+4
 177 007a 0233     		adds	r3, r3, #2
 178 007c 9B00     		lsls	r3, r3, #2
 179 007e 5E59     		ldr	r6, [r3, r5]
 180              	.LVL9:
 201:Drivers/STM32L0xx_HAL_Driver/Src/stm32l0xx_hal_exti.c ****       regval |= (pExtiConfig->GPIOSel << (SYSCFG_EXTICR1_EXTI1_Pos * (linepos & 0x03u)));
 181              		.loc 1 201 7 is_stmt 1 view .LVU62
 201:Drivers/STM32L0xx_HAL_Driver/Src/stm32l0xx_hal_exti.c ****       regval |= (pExtiConfig->GPIOSel << (SYSCFG_EXTICR1_EXTI1_Pos * (linepos & 0x03u)));
 182              		.loc 1 201 80 is_stmt 0 view .LVU63
 183 0080 0320     		movs	r0, #3
 184 0082 2040     		ands	r0, r4
 201:Drivers/STM32L0xx_HAL_Driver/Src/stm32l0xx_hal_exti.c ****       regval |= (pExtiConfig->GPIOSel << (SYSCFG_EXTICR1_EXTI1_Pos * (linepos & 0x03u)));
 185              		.loc 1 201 69 view .LVU64
 186 0084 8000     		lsls	r0, r0, #2
 201:Drivers/STM32L0xx_HAL_Driver/Src/stm32l0xx_hal_exti.c ****       regval |= (pExtiConfig->GPIOSel << (SYSCFG_EXTICR1_EXTI1_Pos * (linepos & 0x03u)));
 187              		.loc 1 201 40 view .LVU65
 188 0086 0F24     		movs	r4, #15
 189              	.LVL10:
 201:Drivers/STM32L0xx_HAL_Driver/Src/stm32l0xx_hal_exti.c ****       regval |= (pExtiConfig->GPIOSel << (SYSCFG_EXTICR1_EXTI1_Pos * (linepos & 0x03u)));
 190              		.loc 1 201 40 view .LVU66
 191 0088 8440     		lsls	r4, r4, r0
 201:Drivers/STM32L0xx_HAL_Driver/Src/stm32l0xx_hal_exti.c ****       regval |= (pExtiConfig->GPIOSel << (SYSCFG_EXTICR1_EXTI1_Pos * (linepos & 0x03u)));
 192              		.loc 1 201 14 view .LVU67
 193 008a A643     		bics	r6, r4
 194              	.LVL11:
 202:Drivers/STM32L0xx_HAL_Driver/Src/stm32l0xx_hal_exti.c ****       SYSCFG->EXTICR[linepos >> 2u] = regval;
 195              		.loc 1 202 7 is_stmt 1 view .LVU68
 202:Drivers/STM32L0xx_HAL_Driver/Src/stm32l0xx_hal_exti.c ****       SYSCFG->EXTICR[linepos >> 2u] = regval;
 196              		.loc 1 202 29 is_stmt 0 view .LVU69
 197 008c CC68     		ldr	r4, [r1, #12]
 202:Drivers/STM32L0xx_HAL_Driver/Src/stm32l0xx_hal_exti.c ****       SYSCFG->EXTICR[linepos >> 2u] = regval;
 198              		.loc 1 202 39 view .LVU70
 199 008e 8440     		lsls	r4, r4, r0
 200 0090 2000     		movs	r0, r4
 202:Drivers/STM32L0xx_HAL_Driver/Src/stm32l0xx_hal_exti.c ****       SYSCFG->EXTICR[linepos >> 2u] = regval;
 201              		.loc 1 202 14 view .LVU71
 202 0092 3043     		orrs	r0, r6
 203              	.LVL12:
 203:Drivers/STM32L0xx_HAL_Driver/Src/stm32l0xx_hal_exti.c ****     }
 204              		.loc 1 203 7 is_stmt 1 view .LVU72
 203:Drivers/STM32L0xx_HAL_Driver/Src/stm32l0xx_hal_exti.c ****     }
ARM GAS  C:\Users\User\AppData\Local\Temp\cc5OSlRy.s 			page 9


 205              		.loc 1 203 37 is_stmt 0 view .LVU73
 206 0094 5851     		str	r0, [r3, r5]
 207 0096 D4E7     		b	.L3
 208              	.LVL13:
 209              	.L8:
 215:Drivers/STM32L0xx_HAL_Driver/Src/stm32l0xx_hal_exti.c ****   }
 210              		.loc 1 215 5 is_stmt 1 view .LVU74
 215:Drivers/STM32L0xx_HAL_Driver/Src/stm32l0xx_hal_exti.c ****   }
 211              		.loc 1 215 9 is_stmt 0 view .LVU75
 212 0098 0748     		ldr	r0, .L15
 213 009a 0368     		ldr	r3, [r0]
 215:Drivers/STM32L0xx_HAL_Driver/Src/stm32l0xx_hal_exti.c ****   }
 214              		.loc 1 215 15 view .LVU76
 215 009c 9343     		bics	r3, r2
 216 009e 0360     		str	r3, [r0]
 217 00a0 D6E7     		b	.L9
 218              	.L10:
 226:Drivers/STM32L0xx_HAL_Driver/Src/stm32l0xx_hal_exti.c ****   }
 219              		.loc 1 226 5 is_stmt 1 view .LVU77
 226:Drivers/STM32L0xx_HAL_Driver/Src/stm32l0xx_hal_exti.c ****   }
 220              		.loc 1 226 9 is_stmt 0 view .LVU78
 221 00a2 0549     		ldr	r1, .L15
 222              	.LVL14:
 226:Drivers/STM32L0xx_HAL_Driver/Src/stm32l0xx_hal_exti.c ****   }
 223              		.loc 1 226 9 view .LVU79
 224 00a4 4B68     		ldr	r3, [r1, #4]
 226:Drivers/STM32L0xx_HAL_Driver/Src/stm32l0xx_hal_exti.c ****   }
 225              		.loc 1 226 15 view .LVU80
 226 00a6 9343     		bics	r3, r2
 227 00a8 4B60     		str	r3, [r1, #4]
 229:Drivers/STM32L0xx_HAL_Driver/Src/stm32l0xx_hal_exti.c **** }
 228              		.loc 1 229 10 view .LVU81
 229 00aa 0020     		movs	r0, #0
 230 00ac D8E7     		b	.L2
 231              	.LVL15:
 232              	.L11:
 152:Drivers/STM32L0xx_HAL_Driver/Src/stm32l0xx_hal_exti.c ****   }
 233              		.loc 1 152 12 view .LVU82
 234 00ae 0120     		movs	r0, #1
 235              	.LVL16:
 152:Drivers/STM32L0xx_HAL_Driver/Src/stm32l0xx_hal_exti.c ****   }
 236              		.loc 1 152 12 view .LVU83
 237 00b0 D6E7     		b	.L2
 238              	.LVL17:
 239              	.L12:
 152:Drivers/STM32L0xx_HAL_Driver/Src/stm32l0xx_hal_exti.c ****   }
 240              		.loc 1 152 12 view .LVU84
 241 00b2 0120     		movs	r0, #1
 242              	.LVL18:
 152:Drivers/STM32L0xx_HAL_Driver/Src/stm32l0xx_hal_exti.c ****   }
 243              		.loc 1 152 12 view .LVU85
 244 00b4 D4E7     		b	.L2
 245              	.L16:
 246 00b6 C046     		.align	2
 247              	.L15:
 248 00b8 00040140 		.word	1073808384
 249 00bc 00000140 		.word	1073807360
ARM GAS  C:\Users\User\AppData\Local\Temp\cc5OSlRy.s 			page 10


 250              		.cfi_endproc
 251              	.LFE47:
 253              		.section	.text.HAL_EXTI_GetConfigLine,"ax",%progbits
 254              		.align	1
 255              		.global	HAL_EXTI_GetConfigLine
 256              		.syntax unified
 257              		.code	16
 258              		.thumb_func
 260              	HAL_EXTI_GetConfigLine:
 261              	.LVL19:
 262              	.LFB48:
 231:Drivers/STM32L0xx_HAL_Driver/Src/stm32l0xx_hal_exti.c **** 
 232:Drivers/STM32L0xx_HAL_Driver/Src/stm32l0xx_hal_exti.c **** /**
 233:Drivers/STM32L0xx_HAL_Driver/Src/stm32l0xx_hal_exti.c ****   * @brief  Get configuration of a dedicated Exti line.
 234:Drivers/STM32L0xx_HAL_Driver/Src/stm32l0xx_hal_exti.c ****   * @param  hexti Exti handle.
 235:Drivers/STM32L0xx_HAL_Driver/Src/stm32l0xx_hal_exti.c ****   * @param  pExtiConfig Pointer on structure to store Exti configuration.
 236:Drivers/STM32L0xx_HAL_Driver/Src/stm32l0xx_hal_exti.c ****   * @retval HAL Status.
 237:Drivers/STM32L0xx_HAL_Driver/Src/stm32l0xx_hal_exti.c ****   */
 238:Drivers/STM32L0xx_HAL_Driver/Src/stm32l0xx_hal_exti.c **** HAL_StatusTypeDef HAL_EXTI_GetConfigLine(EXTI_HandleTypeDef *hexti, EXTI_ConfigTypeDef *pExtiConfig
 239:Drivers/STM32L0xx_HAL_Driver/Src/stm32l0xx_hal_exti.c **** {
 263              		.loc 1 239 1 is_stmt 1 view -0
 264              		.cfi_startproc
 265              		@ args = 0, pretend = 0, frame = 0
 266              		@ frame_needed = 0, uses_anonymous_args = 0
 267              		.loc 1 239 1 is_stmt 0 view .LVU87
 268 0000 30B5     		push	{r4, r5, lr}
 269              	.LCFI1:
 270              		.cfi_def_cfa_offset 12
 271              		.cfi_offset 4, -12
 272              		.cfi_offset 5, -8
 273              		.cfi_offset 14, -4
 240:Drivers/STM32L0xx_HAL_Driver/Src/stm32l0xx_hal_exti.c ****   uint32_t regval;
 274              		.loc 1 240 3 is_stmt 1 view .LVU88
 241:Drivers/STM32L0xx_HAL_Driver/Src/stm32l0xx_hal_exti.c ****   uint32_t linepos;
 275              		.loc 1 241 3 view .LVU89
 242:Drivers/STM32L0xx_HAL_Driver/Src/stm32l0xx_hal_exti.c ****   uint32_t maskline;
 276              		.loc 1 242 3 view .LVU90
 243:Drivers/STM32L0xx_HAL_Driver/Src/stm32l0xx_hal_exti.c **** 
 244:Drivers/STM32L0xx_HAL_Driver/Src/stm32l0xx_hal_exti.c ****   /* Check null pointer */
 245:Drivers/STM32L0xx_HAL_Driver/Src/stm32l0xx_hal_exti.c ****   if ((hexti == NULL) || (pExtiConfig == NULL))
 277              		.loc 1 245 3 view .LVU91
 278              		.loc 1 245 6 is_stmt 0 view .LVU92
 279 0002 0028     		cmp	r0, #0
 280 0004 3FD0     		beq	.L24
 281              		.loc 1 245 23 discriminator 1 view .LVU93
 282 0006 0029     		cmp	r1, #0
 283 0008 3FD0     		beq	.L25
 246:Drivers/STM32L0xx_HAL_Driver/Src/stm32l0xx_hal_exti.c ****   {
 247:Drivers/STM32L0xx_HAL_Driver/Src/stm32l0xx_hal_exti.c ****     return HAL_ERROR;
 248:Drivers/STM32L0xx_HAL_Driver/Src/stm32l0xx_hal_exti.c ****   }
 249:Drivers/STM32L0xx_HAL_Driver/Src/stm32l0xx_hal_exti.c **** 
 250:Drivers/STM32L0xx_HAL_Driver/Src/stm32l0xx_hal_exti.c ****   /* Check the parameter */
 251:Drivers/STM32L0xx_HAL_Driver/Src/stm32l0xx_hal_exti.c ****   assert_param(IS_EXTI_LINE(hexti->Line));
 284              		.loc 1 251 3 is_stmt 1 view .LVU94
 252:Drivers/STM32L0xx_HAL_Driver/Src/stm32l0xx_hal_exti.c **** 
 253:Drivers/STM32L0xx_HAL_Driver/Src/stm32l0xx_hal_exti.c ****   /* Store handle line number to configuration structure */
 254:Drivers/STM32L0xx_HAL_Driver/Src/stm32l0xx_hal_exti.c ****   pExtiConfig->Line = hexti->Line;
ARM GAS  C:\Users\User\AppData\Local\Temp\cc5OSlRy.s 			page 11


 285              		.loc 1 254 3 view .LVU95
 286              		.loc 1 254 28 is_stmt 0 view .LVU96
 287 000a 0068     		ldr	r0, [r0]
 288              	.LVL20:
 289              		.loc 1 254 21 view .LVU97
 290 000c 0860     		str	r0, [r1]
 255:Drivers/STM32L0xx_HAL_Driver/Src/stm32l0xx_hal_exti.c **** 
 256:Drivers/STM32L0xx_HAL_Driver/Src/stm32l0xx_hal_exti.c ****   /* Compute line mask */
 257:Drivers/STM32L0xx_HAL_Driver/Src/stm32l0xx_hal_exti.c ****   linepos = (pExtiConfig->Line & EXTI_PIN_MASK);
 291              		.loc 1 257 3 is_stmt 1 view .LVU98
 292              		.loc 1 257 11 is_stmt 0 view .LVU99
 293 000e 1F24     		movs	r4, #31
 294 0010 0440     		ands	r4, r0
 295              	.LVL21:
 258:Drivers/STM32L0xx_HAL_Driver/Src/stm32l0xx_hal_exti.c ****   maskline = (1uL << linepos);
 296              		.loc 1 258 3 is_stmt 1 view .LVU100
 297              		.loc 1 258 12 is_stmt 0 view .LVU101
 298 0012 0123     		movs	r3, #1
 299 0014 A340     		lsls	r3, r3, r4
 300              	.LVL22:
 259:Drivers/STM32L0xx_HAL_Driver/Src/stm32l0xx_hal_exti.c **** 
 260:Drivers/STM32L0xx_HAL_Driver/Src/stm32l0xx_hal_exti.c ****   /* 1] Get core mode : interrupt */
 261:Drivers/STM32L0xx_HAL_Driver/Src/stm32l0xx_hal_exti.c **** 
 262:Drivers/STM32L0xx_HAL_Driver/Src/stm32l0xx_hal_exti.c ****   /* Check if selected line is enable */
 263:Drivers/STM32L0xx_HAL_Driver/Src/stm32l0xx_hal_exti.c ****   if ((EXTI->IMR & maskline) != 0x00u)
 301              		.loc 1 263 3 is_stmt 1 view .LVU102
 302              		.loc 1 263 12 is_stmt 0 view .LVU103
 303 0016 1F4A     		ldr	r2, .L29
 304 0018 1268     		ldr	r2, [r2]
 305              		.loc 1 263 6 view .LVU104
 306 001a 1342     		tst	r3, r2
 307 001c 23D0     		beq	.L19
 264:Drivers/STM32L0xx_HAL_Driver/Src/stm32l0xx_hal_exti.c ****   {
 265:Drivers/STM32L0xx_HAL_Driver/Src/stm32l0xx_hal_exti.c ****     pExtiConfig->Mode = EXTI_MODE_INTERRUPT;
 308              		.loc 1 265 5 is_stmt 1 view .LVU105
 309              		.loc 1 265 23 is_stmt 0 view .LVU106
 310 001e 0122     		movs	r2, #1
 311 0020 4A60     		str	r2, [r1, #4]
 312              	.L20:
 266:Drivers/STM32L0xx_HAL_Driver/Src/stm32l0xx_hal_exti.c ****   }
 267:Drivers/STM32L0xx_HAL_Driver/Src/stm32l0xx_hal_exti.c ****   else
 268:Drivers/STM32L0xx_HAL_Driver/Src/stm32l0xx_hal_exti.c ****   {
 269:Drivers/STM32L0xx_HAL_Driver/Src/stm32l0xx_hal_exti.c ****     pExtiConfig->Mode = EXTI_MODE_NONE;
 270:Drivers/STM32L0xx_HAL_Driver/Src/stm32l0xx_hal_exti.c ****   }
 271:Drivers/STM32L0xx_HAL_Driver/Src/stm32l0xx_hal_exti.c **** 
 272:Drivers/STM32L0xx_HAL_Driver/Src/stm32l0xx_hal_exti.c ****   /* Get event mode */
 273:Drivers/STM32L0xx_HAL_Driver/Src/stm32l0xx_hal_exti.c ****   /* Check if selected line is enable */
 274:Drivers/STM32L0xx_HAL_Driver/Src/stm32l0xx_hal_exti.c ****   if ((EXTI->EMR & maskline) != 0x00u)
 313              		.loc 1 274 3 is_stmt 1 view .LVU107
 314              		.loc 1 274 12 is_stmt 0 view .LVU108
 315 0022 1C4A     		ldr	r2, .L29
 316 0024 5268     		ldr	r2, [r2, #4]
 317              		.loc 1 274 6 view .LVU109
 318 0026 1342     		tst	r3, r2
 319 0028 03D0     		beq	.L21
 275:Drivers/STM32L0xx_HAL_Driver/Src/stm32l0xx_hal_exti.c ****   {
 276:Drivers/STM32L0xx_HAL_Driver/Src/stm32l0xx_hal_exti.c ****     pExtiConfig->Mode |= EXTI_MODE_EVENT;
ARM GAS  C:\Users\User\AppData\Local\Temp\cc5OSlRy.s 			page 12


 320              		.loc 1 276 5 is_stmt 1 view .LVU110
 321              		.loc 1 276 16 is_stmt 0 view .LVU111
 322 002a 4A68     		ldr	r2, [r1, #4]
 323              		.loc 1 276 23 view .LVU112
 324 002c 0225     		movs	r5, #2
 325 002e 2A43     		orrs	r2, r5
 326 0030 4A60     		str	r2, [r1, #4]
 327              	.L21:
 277:Drivers/STM32L0xx_HAL_Driver/Src/stm32l0xx_hal_exti.c ****   }
 278:Drivers/STM32L0xx_HAL_Driver/Src/stm32l0xx_hal_exti.c **** 
 279:Drivers/STM32L0xx_HAL_Driver/Src/stm32l0xx_hal_exti.c ****   /* Get default Trigger and GPIOSel configuration */
 280:Drivers/STM32L0xx_HAL_Driver/Src/stm32l0xx_hal_exti.c ****   pExtiConfig->Trigger = EXTI_TRIGGER_NONE;
 328              		.loc 1 280 3 is_stmt 1 view .LVU113
 329              		.loc 1 280 24 is_stmt 0 view .LVU114
 330 0032 0022     		movs	r2, #0
 331 0034 8A60     		str	r2, [r1, #8]
 281:Drivers/STM32L0xx_HAL_Driver/Src/stm32l0xx_hal_exti.c ****   pExtiConfig->GPIOSel = 0x00u;
 332              		.loc 1 281 3 is_stmt 1 view .LVU115
 333              		.loc 1 281 24 is_stmt 0 view .LVU116
 334 0036 CA60     		str	r2, [r1, #12]
 282:Drivers/STM32L0xx_HAL_Driver/Src/stm32l0xx_hal_exti.c **** 
 283:Drivers/STM32L0xx_HAL_Driver/Src/stm32l0xx_hal_exti.c ****   /* 2] Get trigger for configurable lines : rising */
 284:Drivers/STM32L0xx_HAL_Driver/Src/stm32l0xx_hal_exti.c ****   if ((pExtiConfig->Line & EXTI_CONFIG) != 0x00u)
 335              		.loc 1 284 3 is_stmt 1 view .LVU117
 336              		.loc 1 284 6 is_stmt 0 view .LVU118
 337 0038 8201     		lsls	r2, r0, #6
 338 003a 28D5     		bpl	.L26
 285:Drivers/STM32L0xx_HAL_Driver/Src/stm32l0xx_hal_exti.c ****   {
 286:Drivers/STM32L0xx_HAL_Driver/Src/stm32l0xx_hal_exti.c ****     /* Check if configuration of selected line is enable */
 287:Drivers/STM32L0xx_HAL_Driver/Src/stm32l0xx_hal_exti.c ****     if ((EXTI->RTSR & maskline) != 0x00u)
 339              		.loc 1 287 5 is_stmt 1 view .LVU119
 340              		.loc 1 287 14 is_stmt 0 view .LVU120
 341 003c 154A     		ldr	r2, .L29
 342 003e 9268     		ldr	r2, [r2, #8]
 343              		.loc 1 287 8 view .LVU121
 344 0040 1342     		tst	r3, r2
 345 0042 01D0     		beq	.L22
 288:Drivers/STM32L0xx_HAL_Driver/Src/stm32l0xx_hal_exti.c ****     {
 289:Drivers/STM32L0xx_HAL_Driver/Src/stm32l0xx_hal_exti.c ****       pExtiConfig->Trigger = EXTI_TRIGGER_RISING;
 346              		.loc 1 289 7 is_stmt 1 view .LVU122
 347              		.loc 1 289 28 is_stmt 0 view .LVU123
 348 0044 0122     		movs	r2, #1
 349 0046 8A60     		str	r2, [r1, #8]
 350              	.L22:
 290:Drivers/STM32L0xx_HAL_Driver/Src/stm32l0xx_hal_exti.c ****     }
 291:Drivers/STM32L0xx_HAL_Driver/Src/stm32l0xx_hal_exti.c **** 
 292:Drivers/STM32L0xx_HAL_Driver/Src/stm32l0xx_hal_exti.c ****     /* Get falling configuration */
 293:Drivers/STM32L0xx_HAL_Driver/Src/stm32l0xx_hal_exti.c ****     /* Check if configuration of selected line is enable */
 294:Drivers/STM32L0xx_HAL_Driver/Src/stm32l0xx_hal_exti.c ****     if ((EXTI->FTSR & maskline) != 0x00u)
 351              		.loc 1 294 5 is_stmt 1 view .LVU124
 352              		.loc 1 294 14 is_stmt 0 view .LVU125
 353 0048 124A     		ldr	r2, .L29
 354 004a D268     		ldr	r2, [r2, #12]
 355              		.loc 1 294 8 view .LVU126
 356 004c 1342     		tst	r3, r2
 357 004e 03D0     		beq	.L23
 295:Drivers/STM32L0xx_HAL_Driver/Src/stm32l0xx_hal_exti.c ****     {
ARM GAS  C:\Users\User\AppData\Local\Temp\cc5OSlRy.s 			page 13


 296:Drivers/STM32L0xx_HAL_Driver/Src/stm32l0xx_hal_exti.c ****       pExtiConfig->Trigger |= EXTI_TRIGGER_FALLING;
 358              		.loc 1 296 7 is_stmt 1 view .LVU127
 359              		.loc 1 296 18 is_stmt 0 view .LVU128
 360 0050 8B68     		ldr	r3, [r1, #8]
 361              	.LVL23:
 362              		.loc 1 296 28 view .LVU129
 363 0052 0222     		movs	r2, #2
 364 0054 1343     		orrs	r3, r2
 365 0056 8B60     		str	r3, [r1, #8]
 366              	.L23:
 297:Drivers/STM32L0xx_HAL_Driver/Src/stm32l0xx_hal_exti.c ****     }
 298:Drivers/STM32L0xx_HAL_Driver/Src/stm32l0xx_hal_exti.c **** 
 299:Drivers/STM32L0xx_HAL_Driver/Src/stm32l0xx_hal_exti.c ****     /* Get Gpio port selection for gpio lines */
 300:Drivers/STM32L0xx_HAL_Driver/Src/stm32l0xx_hal_exti.c ****     if ((pExtiConfig->Line & EXTI_GPIO) == EXTI_GPIO)
 367              		.loc 1 300 5 is_stmt 1 view .LVU130
 368              		.loc 1 300 28 is_stmt 0 view .LVU131
 369 0058 C022     		movs	r2, #192
 370 005a D204     		lsls	r2, r2, #19
 371 005c 1040     		ands	r0, r2
 372              		.loc 1 300 8 view .LVU132
 373 005e 9042     		cmp	r0, r2
 374 0060 04D0     		beq	.L28
 301:Drivers/STM32L0xx_HAL_Driver/Src/stm32l0xx_hal_exti.c ****     {
 302:Drivers/STM32L0xx_HAL_Driver/Src/stm32l0xx_hal_exti.c ****       assert_param(IS_EXTI_GPIO_PIN(linepos));
 303:Drivers/STM32L0xx_HAL_Driver/Src/stm32l0xx_hal_exti.c **** 
 304:Drivers/STM32L0xx_HAL_Driver/Src/stm32l0xx_hal_exti.c ****       regval = SYSCFG->EXTICR[linepos >> 2u];
 305:Drivers/STM32L0xx_HAL_Driver/Src/stm32l0xx_hal_exti.c ****       pExtiConfig->GPIOSel = ((regval << (SYSCFG_EXTICR1_EXTI1_Pos * (3uL - (linepos & 0x03u)))) >>
 306:Drivers/STM32L0xx_HAL_Driver/Src/stm32l0xx_hal_exti.c ****     }
 307:Drivers/STM32L0xx_HAL_Driver/Src/stm32l0xx_hal_exti.c ****   }
 308:Drivers/STM32L0xx_HAL_Driver/Src/stm32l0xx_hal_exti.c **** 
 309:Drivers/STM32L0xx_HAL_Driver/Src/stm32l0xx_hal_exti.c ****   return HAL_OK;
 375              		.loc 1 309 10 view .LVU133
 376 0062 0020     		movs	r0, #0
 377 0064 14E0     		b	.L18
 378              	.LVL24:
 379              	.L19:
 269:Drivers/STM32L0xx_HAL_Driver/Src/stm32l0xx_hal_exti.c ****   }
 380              		.loc 1 269 5 is_stmt 1 view .LVU134
 269:Drivers/STM32L0xx_HAL_Driver/Src/stm32l0xx_hal_exti.c ****   }
 381              		.loc 1 269 23 is_stmt 0 view .LVU135
 382 0066 0022     		movs	r2, #0
 383 0068 4A60     		str	r2, [r1, #4]
 384 006a DAE7     		b	.L20
 385              	.LVL25:
 386              	.L28:
 302:Drivers/STM32L0xx_HAL_Driver/Src/stm32l0xx_hal_exti.c **** 
 387              		.loc 1 302 7 is_stmt 1 view .LVU136
 304:Drivers/STM32L0xx_HAL_Driver/Src/stm32l0xx_hal_exti.c ****       pExtiConfig->GPIOSel = ((regval << (SYSCFG_EXTICR1_EXTI1_Pos * (3uL - (linepos & 0x03u)))) >>
 388              		.loc 1 304 7 view .LVU137
 304:Drivers/STM32L0xx_HAL_Driver/Src/stm32l0xx_hal_exti.c ****       pExtiConfig->GPIOSel = ((regval << (SYSCFG_EXTICR1_EXTI1_Pos * (3uL - (linepos & 0x03u)))) >>
 389              		.loc 1 304 39 is_stmt 0 view .LVU138
 390 006c A308     		lsrs	r3, r4, #2
 304:Drivers/STM32L0xx_HAL_Driver/Src/stm32l0xx_hal_exti.c ****       pExtiConfig->GPIOSel = ((regval << (SYSCFG_EXTICR1_EXTI1_Pos * (3uL - (linepos & 0x03u)))) >>
 391              		.loc 1 304 14 view .LVU139
 392 006e 0233     		adds	r3, r3, #2
 393 0070 9B00     		lsls	r3, r3, #2
 394 0072 094A     		ldr	r2, .L29+4
ARM GAS  C:\Users\User\AppData\Local\Temp\cc5OSlRy.s 			page 14


 395 0074 9B58     		ldr	r3, [r3, r2]
 396              	.LVL26:
 305:Drivers/STM32L0xx_HAL_Driver/Src/stm32l0xx_hal_exti.c ****     }
 397              		.loc 1 305 7 is_stmt 1 view .LVU140
 305:Drivers/STM32L0xx_HAL_Driver/Src/stm32l0xx_hal_exti.c ****     }
 398              		.loc 1 305 75 is_stmt 0 view .LVU141
 399 0076 0322     		movs	r2, #3
 400 0078 A243     		bics	r2, r4
 305:Drivers/STM32L0xx_HAL_Driver/Src/stm32l0xx_hal_exti.c ****     }
 401              		.loc 1 305 68 view .LVU142
 402 007a 9200     		lsls	r2, r2, #2
 305:Drivers/STM32L0xx_HAL_Driver/Src/stm32l0xx_hal_exti.c ****     }
 403              		.loc 1 305 39 view .LVU143
 404 007c 9340     		lsls	r3, r3, r2
 405              	.LVL27:
 305:Drivers/STM32L0xx_HAL_Driver/Src/stm32l0xx_hal_exti.c ****     }
 406              		.loc 1 305 98 view .LVU144
 407 007e 1B0E     		lsrs	r3, r3, #24
 305:Drivers/STM32L0xx_HAL_Driver/Src/stm32l0xx_hal_exti.c ****     }
 408              		.loc 1 305 28 view .LVU145
 409 0080 CB60     		str	r3, [r1, #12]
 410              		.loc 1 309 10 view .LVU146
 411 0082 0020     		movs	r0, #0
 412 0084 04E0     		b	.L18
 413              	.LVL28:
 414              	.L24:
 247:Drivers/STM32L0xx_HAL_Driver/Src/stm32l0xx_hal_exti.c ****   }
 415              		.loc 1 247 12 view .LVU147
 416 0086 0120     		movs	r0, #1
 417              	.LVL29:
 247:Drivers/STM32L0xx_HAL_Driver/Src/stm32l0xx_hal_exti.c ****   }
 418              		.loc 1 247 12 view .LVU148
 419 0088 02E0     		b	.L18
 420              	.LVL30:
 421              	.L25:
 247:Drivers/STM32L0xx_HAL_Driver/Src/stm32l0xx_hal_exti.c ****   }
 422              		.loc 1 247 12 view .LVU149
 423 008a 0120     		movs	r0, #1
 424              	.LVL31:
 247:Drivers/STM32L0xx_HAL_Driver/Src/stm32l0xx_hal_exti.c ****   }
 425              		.loc 1 247 12 view .LVU150
 426 008c 00E0     		b	.L18
 427              	.LVL32:
 428              	.L26:
 429              		.loc 1 309 10 view .LVU151
 430 008e 0020     		movs	r0, #0
 431              	.LVL33:
 432              	.L18:
 310:Drivers/STM32L0xx_HAL_Driver/Src/stm32l0xx_hal_exti.c **** }
 433              		.loc 1 310 1 view .LVU152
 434              		@ sp needed
 435 0090 30BD     		pop	{r4, r5, pc}
 436              	.L30:
 437 0092 C046     		.align	2
 438              	.L29:
 439 0094 00040140 		.word	1073808384
 440 0098 00000140 		.word	1073807360
ARM GAS  C:\Users\User\AppData\Local\Temp\cc5OSlRy.s 			page 15


 441              		.cfi_endproc
 442              	.LFE48:
 444              		.section	.text.HAL_EXTI_ClearConfigLine,"ax",%progbits
 445              		.align	1
 446              		.global	HAL_EXTI_ClearConfigLine
 447              		.syntax unified
 448              		.code	16
 449              		.thumb_func
 451              	HAL_EXTI_ClearConfigLine:
 452              	.LVL34:
 453              	.LFB49:
 311:Drivers/STM32L0xx_HAL_Driver/Src/stm32l0xx_hal_exti.c **** 
 312:Drivers/STM32L0xx_HAL_Driver/Src/stm32l0xx_hal_exti.c **** /**
 313:Drivers/STM32L0xx_HAL_Driver/Src/stm32l0xx_hal_exti.c ****   * @brief  Clear whole configuration of a dedicated Exti line.
 314:Drivers/STM32L0xx_HAL_Driver/Src/stm32l0xx_hal_exti.c ****   * @param  hexti Exti handle.
 315:Drivers/STM32L0xx_HAL_Driver/Src/stm32l0xx_hal_exti.c ****   * @retval HAL Status.
 316:Drivers/STM32L0xx_HAL_Driver/Src/stm32l0xx_hal_exti.c ****   */
 317:Drivers/STM32L0xx_HAL_Driver/Src/stm32l0xx_hal_exti.c **** HAL_StatusTypeDef HAL_EXTI_ClearConfigLine(EXTI_HandleTypeDef *hexti)
 318:Drivers/STM32L0xx_HAL_Driver/Src/stm32l0xx_hal_exti.c **** {
 454              		.loc 1 318 1 is_stmt 1 view -0
 455              		.cfi_startproc
 456              		@ args = 0, pretend = 0, frame = 0
 457              		@ frame_needed = 0, uses_anonymous_args = 0
 458              		.loc 1 318 1 is_stmt 0 view .LVU154
 459 0000 70B5     		push	{r4, r5, r6, lr}
 460              	.LCFI2:
 461              		.cfi_def_cfa_offset 16
 462              		.cfi_offset 4, -16
 463              		.cfi_offset 5, -12
 464              		.cfi_offset 6, -8
 465              		.cfi_offset 14, -4
 319:Drivers/STM32L0xx_HAL_Driver/Src/stm32l0xx_hal_exti.c ****   uint32_t regval;
 466              		.loc 1 319 3 is_stmt 1 view .LVU155
 320:Drivers/STM32L0xx_HAL_Driver/Src/stm32l0xx_hal_exti.c ****   uint32_t linepos;
 467              		.loc 1 320 3 view .LVU156
 321:Drivers/STM32L0xx_HAL_Driver/Src/stm32l0xx_hal_exti.c ****   uint32_t maskline;
 468              		.loc 1 321 3 view .LVU157
 322:Drivers/STM32L0xx_HAL_Driver/Src/stm32l0xx_hal_exti.c **** 
 323:Drivers/STM32L0xx_HAL_Driver/Src/stm32l0xx_hal_exti.c ****   /* Check null pointer */
 324:Drivers/STM32L0xx_HAL_Driver/Src/stm32l0xx_hal_exti.c ****   if (hexti == NULL)
 469              		.loc 1 324 3 view .LVU158
 470              		.loc 1 324 6 is_stmt 0 view .LVU159
 471 0002 0028     		cmp	r0, #0
 472 0004 2CD0     		beq	.L33
 325:Drivers/STM32L0xx_HAL_Driver/Src/stm32l0xx_hal_exti.c ****   {
 326:Drivers/STM32L0xx_HAL_Driver/Src/stm32l0xx_hal_exti.c ****     return HAL_ERROR;
 327:Drivers/STM32L0xx_HAL_Driver/Src/stm32l0xx_hal_exti.c ****   }
 328:Drivers/STM32L0xx_HAL_Driver/Src/stm32l0xx_hal_exti.c **** 
 329:Drivers/STM32L0xx_HAL_Driver/Src/stm32l0xx_hal_exti.c ****   /* Check the parameter */
 330:Drivers/STM32L0xx_HAL_Driver/Src/stm32l0xx_hal_exti.c ****   assert_param(IS_EXTI_LINE(hexti->Line));
 473              		.loc 1 330 3 is_stmt 1 view .LVU160
 331:Drivers/STM32L0xx_HAL_Driver/Src/stm32l0xx_hal_exti.c **** 
 332:Drivers/STM32L0xx_HAL_Driver/Src/stm32l0xx_hal_exti.c ****   /* compute line mask */
 333:Drivers/STM32L0xx_HAL_Driver/Src/stm32l0xx_hal_exti.c ****   linepos = (hexti->Line & EXTI_PIN_MASK);
 474              		.loc 1 333 3 view .LVU161
 475              		.loc 1 333 19 is_stmt 0 view .LVU162
 476 0006 0568     		ldr	r5, [r0]
ARM GAS  C:\Users\User\AppData\Local\Temp\cc5OSlRy.s 			page 16


 477              		.loc 1 333 11 view .LVU163
 478 0008 1F22     		movs	r2, #31
 479 000a 2A40     		ands	r2, r5
 480              	.LVL35:
 334:Drivers/STM32L0xx_HAL_Driver/Src/stm32l0xx_hal_exti.c ****   maskline = (1uL << linepos);
 481              		.loc 1 334 3 is_stmt 1 view .LVU164
 482              		.loc 1 334 12 is_stmt 0 view .LVU165
 483 000c 0123     		movs	r3, #1
 484 000e 9340     		lsls	r3, r3, r2
 485              	.LVL36:
 335:Drivers/STM32L0xx_HAL_Driver/Src/stm32l0xx_hal_exti.c **** 
 336:Drivers/STM32L0xx_HAL_Driver/Src/stm32l0xx_hal_exti.c ****   /* 1] Clear interrupt mode */
 337:Drivers/STM32L0xx_HAL_Driver/Src/stm32l0xx_hal_exti.c ****   EXTI->IMR = (EXTI->IMR & ~maskline);
 486              		.loc 1 337 3 is_stmt 1 view .LVU166
 487              		.loc 1 337 20 is_stmt 0 view .LVU167
 488 0010 1549     		ldr	r1, .L37
 489 0012 0C68     		ldr	r4, [r1]
 490              		.loc 1 337 28 view .LVU168
 491 0014 DE43     		mvns	r6, r3
 492              		.loc 1 337 26 view .LVU169
 493 0016 9C43     		bics	r4, r3
 494              		.loc 1 337 13 view .LVU170
 495 0018 0C60     		str	r4, [r1]
 338:Drivers/STM32L0xx_HAL_Driver/Src/stm32l0xx_hal_exti.c **** 
 339:Drivers/STM32L0xx_HAL_Driver/Src/stm32l0xx_hal_exti.c ****   /* 2] Clear event mode */
 340:Drivers/STM32L0xx_HAL_Driver/Src/stm32l0xx_hal_exti.c ****   EXTI->EMR = (EXTI->EMR & ~maskline);
 496              		.loc 1 340 3 is_stmt 1 view .LVU171
 497              		.loc 1 340 20 is_stmt 0 view .LVU172
 498 001a 4C68     		ldr	r4, [r1, #4]
 499              		.loc 1 340 26 view .LVU173
 500 001c 9C43     		bics	r4, r3
 501              		.loc 1 340 13 view .LVU174
 502 001e 4C60     		str	r4, [r1, #4]
 341:Drivers/STM32L0xx_HAL_Driver/Src/stm32l0xx_hal_exti.c **** 
 342:Drivers/STM32L0xx_HAL_Driver/Src/stm32l0xx_hal_exti.c ****   /* 3] Clear triggers in case of configurable lines */
 343:Drivers/STM32L0xx_HAL_Driver/Src/stm32l0xx_hal_exti.c ****   if ((hexti->Line & EXTI_CONFIG) != 0x00u)
 503              		.loc 1 343 3 is_stmt 1 view .LVU175
 504              		.loc 1 343 13 is_stmt 0 view .LVU176
 505 0020 0368     		ldr	r3, [r0]
 506              	.LVL37:
 507              		.loc 1 343 6 view .LVU177
 508 0022 9B01     		lsls	r3, r3, #6
 509 0024 1ED5     		bpl	.L34
 344:Drivers/STM32L0xx_HAL_Driver/Src/stm32l0xx_hal_exti.c ****   {
 345:Drivers/STM32L0xx_HAL_Driver/Src/stm32l0xx_hal_exti.c ****     EXTI->RTSR = (EXTI->RTSR & ~maskline);
 510              		.loc 1 345 5 is_stmt 1 view .LVU178
 511              		.loc 1 345 23 is_stmt 0 view .LVU179
 512 0026 0B00     		movs	r3, r1
 513 0028 8968     		ldr	r1, [r1, #8]
 514              		.loc 1 345 30 view .LVU180
 515 002a 3140     		ands	r1, r6
 516              		.loc 1 345 16 view .LVU181
 517 002c 9960     		str	r1, [r3, #8]
 346:Drivers/STM32L0xx_HAL_Driver/Src/stm32l0xx_hal_exti.c ****     EXTI->FTSR = (EXTI->FTSR & ~maskline);
 518              		.loc 1 346 5 is_stmt 1 view .LVU182
 519              		.loc 1 346 23 is_stmt 0 view .LVU183
 520 002e D968     		ldr	r1, [r3, #12]
ARM GAS  C:\Users\User\AppData\Local\Temp\cc5OSlRy.s 			page 17


 521              		.loc 1 346 30 view .LVU184
 522 0030 3140     		ands	r1, r6
 523              		.loc 1 346 16 view .LVU185
 524 0032 D960     		str	r1, [r3, #12]
 347:Drivers/STM32L0xx_HAL_Driver/Src/stm32l0xx_hal_exti.c **** 
 348:Drivers/STM32L0xx_HAL_Driver/Src/stm32l0xx_hal_exti.c ****     /* Get Gpio port selection for gpio lines */
 349:Drivers/STM32L0xx_HAL_Driver/Src/stm32l0xx_hal_exti.c ****     if ((hexti->Line & EXTI_GPIO) == EXTI_GPIO)
 525              		.loc 1 349 5 is_stmt 1 view .LVU186
 526              		.loc 1 349 15 is_stmt 0 view .LVU187
 527 0034 0368     		ldr	r3, [r0]
 528              		.loc 1 349 22 view .LVU188
 529 0036 C021     		movs	r1, #192
 530 0038 C904     		lsls	r1, r1, #19
 531 003a 0B40     		ands	r3, r1
 532              		.loc 1 349 8 view .LVU189
 533 003c 8B42     		cmp	r3, r1
 534 003e 01D0     		beq	.L36
 350:Drivers/STM32L0xx_HAL_Driver/Src/stm32l0xx_hal_exti.c ****     {
 351:Drivers/STM32L0xx_HAL_Driver/Src/stm32l0xx_hal_exti.c ****       assert_param(IS_EXTI_GPIO_PIN(linepos));
 352:Drivers/STM32L0xx_HAL_Driver/Src/stm32l0xx_hal_exti.c **** 
 353:Drivers/STM32L0xx_HAL_Driver/Src/stm32l0xx_hal_exti.c ****       regval = SYSCFG->EXTICR[linepos >> 2u];
 354:Drivers/STM32L0xx_HAL_Driver/Src/stm32l0xx_hal_exti.c ****       regval &= ~(SYSCFG_EXTICR1_EXTI0 << (SYSCFG_EXTICR1_EXTI1_Pos * (linepos & 0x03u)));
 355:Drivers/STM32L0xx_HAL_Driver/Src/stm32l0xx_hal_exti.c ****       SYSCFG->EXTICR[linepos >> 2u] = regval;
 356:Drivers/STM32L0xx_HAL_Driver/Src/stm32l0xx_hal_exti.c ****     }
 357:Drivers/STM32L0xx_HAL_Driver/Src/stm32l0xx_hal_exti.c ****   }
 358:Drivers/STM32L0xx_HAL_Driver/Src/stm32l0xx_hal_exti.c **** 
 359:Drivers/STM32L0xx_HAL_Driver/Src/stm32l0xx_hal_exti.c ****   return HAL_OK;
 535              		.loc 1 359 10 view .LVU190
 536 0040 0020     		movs	r0, #0
 537              	.LVL38:
 538              		.loc 1 359 10 view .LVU191
 539 0042 10E0     		b	.L32
 540              	.LVL39:
 541              	.L36:
 351:Drivers/STM32L0xx_HAL_Driver/Src/stm32l0xx_hal_exti.c **** 
 542              		.loc 1 351 7 is_stmt 1 view .LVU192
 353:Drivers/STM32L0xx_HAL_Driver/Src/stm32l0xx_hal_exti.c ****       regval &= ~(SYSCFG_EXTICR1_EXTI0 << (SYSCFG_EXTICR1_EXTI1_Pos * (linepos & 0x03u)));
 543              		.loc 1 353 7 view .LVU193
 353:Drivers/STM32L0xx_HAL_Driver/Src/stm32l0xx_hal_exti.c ****       regval &= ~(SYSCFG_EXTICR1_EXTI0 << (SYSCFG_EXTICR1_EXTI1_Pos * (linepos & 0x03u)));
 544              		.loc 1 353 39 is_stmt 0 view .LVU194
 545 0044 9208     		lsrs	r2, r2, #2
 546              	.LVL40:
 353:Drivers/STM32L0xx_HAL_Driver/Src/stm32l0xx_hal_exti.c ****       regval &= ~(SYSCFG_EXTICR1_EXTI0 << (SYSCFG_EXTICR1_EXTI1_Pos * (linepos & 0x03u)));
 547              		.loc 1 353 14 view .LVU195
 548 0046 094C     		ldr	r4, .L37+4
 549 0048 0232     		adds	r2, r2, #2
 550 004a 9200     		lsls	r2, r2, #2
 551 004c 1159     		ldr	r1, [r2, r4]
 552              	.LVL41:
 354:Drivers/STM32L0xx_HAL_Driver/Src/stm32l0xx_hal_exti.c ****       SYSCFG->EXTICR[linepos >> 2u] = regval;
 553              		.loc 1 354 7 is_stmt 1 view .LVU196
 354:Drivers/STM32L0xx_HAL_Driver/Src/stm32l0xx_hal_exti.c ****       SYSCFG->EXTICR[linepos >> 2u] = regval;
 554              		.loc 1 354 80 is_stmt 0 view .LVU197
 555 004e 0323     		movs	r3, #3
 556 0050 2B40     		ands	r3, r5
 354:Drivers/STM32L0xx_HAL_Driver/Src/stm32l0xx_hal_exti.c ****       SYSCFG->EXTICR[linepos >> 2u] = regval;
 557              		.loc 1 354 69 view .LVU198
ARM GAS  C:\Users\User\AppData\Local\Temp\cc5OSlRy.s 			page 18


 558 0052 9B00     		lsls	r3, r3, #2
 354:Drivers/STM32L0xx_HAL_Driver/Src/stm32l0xx_hal_exti.c ****       SYSCFG->EXTICR[linepos >> 2u] = regval;
 559              		.loc 1 354 40 view .LVU199
 560 0054 0F20     		movs	r0, #15
 561              	.LVL42:
 354:Drivers/STM32L0xx_HAL_Driver/Src/stm32l0xx_hal_exti.c ****       SYSCFG->EXTICR[linepos >> 2u] = regval;
 562              		.loc 1 354 40 view .LVU200
 563 0056 9840     		lsls	r0, r0, r3
 354:Drivers/STM32L0xx_HAL_Driver/Src/stm32l0xx_hal_exti.c ****       SYSCFG->EXTICR[linepos >> 2u] = regval;
 564              		.loc 1 354 14 view .LVU201
 565 0058 8143     		bics	r1, r0
 566              	.LVL43:
 355:Drivers/STM32L0xx_HAL_Driver/Src/stm32l0xx_hal_exti.c ****     }
 567              		.loc 1 355 7 is_stmt 1 view .LVU202
 355:Drivers/STM32L0xx_HAL_Driver/Src/stm32l0xx_hal_exti.c ****     }
 568              		.loc 1 355 37 is_stmt 0 view .LVU203
 569 005a 1151     		str	r1, [r2, r4]
 570              		.loc 1 359 10 view .LVU204
 571 005c 0020     		movs	r0, #0
 572 005e 02E0     		b	.L32
 573              	.LVL44:
 574              	.L33:
 326:Drivers/STM32L0xx_HAL_Driver/Src/stm32l0xx_hal_exti.c ****   }
 575              		.loc 1 326 12 view .LVU205
 576 0060 0120     		movs	r0, #1
 577              	.LVL45:
 326:Drivers/STM32L0xx_HAL_Driver/Src/stm32l0xx_hal_exti.c ****   }
 578              		.loc 1 326 12 view .LVU206
 579 0062 00E0     		b	.L32
 580              	.LVL46:
 581              	.L34:
 582              		.loc 1 359 10 view .LVU207
 583 0064 0020     		movs	r0, #0
 584              	.LVL47:
 585              	.L32:
 360:Drivers/STM32L0xx_HAL_Driver/Src/stm32l0xx_hal_exti.c **** }
 586              		.loc 1 360 1 view .LVU208
 587              		@ sp needed
 588 0066 70BD     		pop	{r4, r5, r6, pc}
 589              	.L38:
 590              		.align	2
 591              	.L37:
 592 0068 00040140 		.word	1073808384
 593 006c 00000140 		.word	1073807360
 594              		.cfi_endproc
 595              	.LFE49:
 597              		.section	.text.HAL_EXTI_RegisterCallback,"ax",%progbits
 598              		.align	1
 599              		.global	HAL_EXTI_RegisterCallback
 600              		.syntax unified
 601              		.code	16
 602              		.thumb_func
 604              	HAL_EXTI_RegisterCallback:
 605              	.LVL48:
 606              	.LFB50:
 361:Drivers/STM32L0xx_HAL_Driver/Src/stm32l0xx_hal_exti.c **** 
 362:Drivers/STM32L0xx_HAL_Driver/Src/stm32l0xx_hal_exti.c **** /**
ARM GAS  C:\Users\User\AppData\Local\Temp\cc5OSlRy.s 			page 19


 363:Drivers/STM32L0xx_HAL_Driver/Src/stm32l0xx_hal_exti.c ****   * @brief  Register callback for a dedicated Exti line.
 364:Drivers/STM32L0xx_HAL_Driver/Src/stm32l0xx_hal_exti.c ****   * @param  hexti Exti handle.
 365:Drivers/STM32L0xx_HAL_Driver/Src/stm32l0xx_hal_exti.c ****   * @param  CallbackID User callback identifier.
 366:Drivers/STM32L0xx_HAL_Driver/Src/stm32l0xx_hal_exti.c ****   *         This parameter can be one of @arg @ref EXTI_CallbackIDTypeDef values.
 367:Drivers/STM32L0xx_HAL_Driver/Src/stm32l0xx_hal_exti.c ****   * @param  pPendingCbfn function pointer to be stored as callback.
 368:Drivers/STM32L0xx_HAL_Driver/Src/stm32l0xx_hal_exti.c ****   * @retval HAL Status.
 369:Drivers/STM32L0xx_HAL_Driver/Src/stm32l0xx_hal_exti.c ****   */
 370:Drivers/STM32L0xx_HAL_Driver/Src/stm32l0xx_hal_exti.c **** HAL_StatusTypeDef HAL_EXTI_RegisterCallback(EXTI_HandleTypeDef *hexti, EXTI_CallbackIDTypeDef Callb
 371:Drivers/STM32L0xx_HAL_Driver/Src/stm32l0xx_hal_exti.c **** {
 607              		.loc 1 371 1 is_stmt 1 view -0
 608              		.cfi_startproc
 609              		@ args = 0, pretend = 0, frame = 0
 610              		@ frame_needed = 0, uses_anonymous_args = 0
 611              		@ link register save eliminated.
 372:Drivers/STM32L0xx_HAL_Driver/Src/stm32l0xx_hal_exti.c ****   HAL_StatusTypeDef status = HAL_OK;
 612              		.loc 1 372 3 view .LVU210
 373:Drivers/STM32L0xx_HAL_Driver/Src/stm32l0xx_hal_exti.c **** 
 374:Drivers/STM32L0xx_HAL_Driver/Src/stm32l0xx_hal_exti.c ****   switch (CallbackID)
 613              		.loc 1 374 3 view .LVU211
 614 0000 0029     		cmp	r1, #0
 615 0002 02D1     		bne	.L41
 375:Drivers/STM32L0xx_HAL_Driver/Src/stm32l0xx_hal_exti.c ****   {
 376:Drivers/STM32L0xx_HAL_Driver/Src/stm32l0xx_hal_exti.c ****     case  HAL_EXTI_COMMON_CB_ID:
 377:Drivers/STM32L0xx_HAL_Driver/Src/stm32l0xx_hal_exti.c ****       hexti->PendingCallback = pPendingCbfn;
 616              		.loc 1 377 7 view .LVU212
 617              		.loc 1 377 30 is_stmt 0 view .LVU213
 618 0004 4260     		str	r2, [r0, #4]
 378:Drivers/STM32L0xx_HAL_Driver/Src/stm32l0xx_hal_exti.c ****       break;
 619              		.loc 1 378 7 is_stmt 1 view .LVU214
 372:Drivers/STM32L0xx_HAL_Driver/Src/stm32l0xx_hal_exti.c **** 
 620              		.loc 1 372 21 is_stmt 0 view .LVU215
 621 0006 0800     		movs	r0, r1
 622              	.LVL49:
 623              	.L40:
 379:Drivers/STM32L0xx_HAL_Driver/Src/stm32l0xx_hal_exti.c **** 
 380:Drivers/STM32L0xx_HAL_Driver/Src/stm32l0xx_hal_exti.c ****     default:
 381:Drivers/STM32L0xx_HAL_Driver/Src/stm32l0xx_hal_exti.c ****       status = HAL_ERROR;
 382:Drivers/STM32L0xx_HAL_Driver/Src/stm32l0xx_hal_exti.c ****       break;
 383:Drivers/STM32L0xx_HAL_Driver/Src/stm32l0xx_hal_exti.c ****   }
 384:Drivers/STM32L0xx_HAL_Driver/Src/stm32l0xx_hal_exti.c **** 
 385:Drivers/STM32L0xx_HAL_Driver/Src/stm32l0xx_hal_exti.c ****   return status;
 624              		.loc 1 385 3 is_stmt 1 view .LVU216
 386:Drivers/STM32L0xx_HAL_Driver/Src/stm32l0xx_hal_exti.c **** }
 625              		.loc 1 386 1 is_stmt 0 view .LVU217
 626              		@ sp needed
 627 0008 7047     		bx	lr
 628              	.LVL50:
 629              	.L41:
 381:Drivers/STM32L0xx_HAL_Driver/Src/stm32l0xx_hal_exti.c ****       break;
 630              		.loc 1 381 14 view .LVU218
 631 000a 0120     		movs	r0, #1
 632              	.LVL51:
 381:Drivers/STM32L0xx_HAL_Driver/Src/stm32l0xx_hal_exti.c ****       break;
 633              		.loc 1 381 14 view .LVU219
 634 000c FCE7     		b	.L40
 635              		.cfi_endproc
 636              	.LFE50:
ARM GAS  C:\Users\User\AppData\Local\Temp\cc5OSlRy.s 			page 20


 638              		.section	.text.HAL_EXTI_GetHandle,"ax",%progbits
 639              		.align	1
 640              		.global	HAL_EXTI_GetHandle
 641              		.syntax unified
 642              		.code	16
 643              		.thumb_func
 645              	HAL_EXTI_GetHandle:
 646              	.LVL52:
 647              	.LFB51:
 387:Drivers/STM32L0xx_HAL_Driver/Src/stm32l0xx_hal_exti.c **** 
 388:Drivers/STM32L0xx_HAL_Driver/Src/stm32l0xx_hal_exti.c **** /**
 389:Drivers/STM32L0xx_HAL_Driver/Src/stm32l0xx_hal_exti.c ****   * @brief  Store line number as handle private field.
 390:Drivers/STM32L0xx_HAL_Driver/Src/stm32l0xx_hal_exti.c ****   * @param  hexti Exti handle.
 391:Drivers/STM32L0xx_HAL_Driver/Src/stm32l0xx_hal_exti.c ****   * @param  ExtiLine Exti line number.
 392:Drivers/STM32L0xx_HAL_Driver/Src/stm32l0xx_hal_exti.c ****   *         This parameter can be from 0 to @ref EXTI_LINE_NB.
 393:Drivers/STM32L0xx_HAL_Driver/Src/stm32l0xx_hal_exti.c ****   * @retval HAL Status.
 394:Drivers/STM32L0xx_HAL_Driver/Src/stm32l0xx_hal_exti.c ****   */
 395:Drivers/STM32L0xx_HAL_Driver/Src/stm32l0xx_hal_exti.c **** HAL_StatusTypeDef HAL_EXTI_GetHandle(EXTI_HandleTypeDef *hexti, uint32_t ExtiLine)
 396:Drivers/STM32L0xx_HAL_Driver/Src/stm32l0xx_hal_exti.c **** {
 648              		.loc 1 396 1 is_stmt 1 view -0
 649              		.cfi_startproc
 650              		@ args = 0, pretend = 0, frame = 0
 651              		@ frame_needed = 0, uses_anonymous_args = 0
 652              		@ link register save eliminated.
 397:Drivers/STM32L0xx_HAL_Driver/Src/stm32l0xx_hal_exti.c ****   /* Check the parameters */
 398:Drivers/STM32L0xx_HAL_Driver/Src/stm32l0xx_hal_exti.c ****   assert_param(IS_EXTI_LINE(ExtiLine));
 653              		.loc 1 398 3 view .LVU221
 399:Drivers/STM32L0xx_HAL_Driver/Src/stm32l0xx_hal_exti.c **** 
 400:Drivers/STM32L0xx_HAL_Driver/Src/stm32l0xx_hal_exti.c ****   /* Check null pointer */
 401:Drivers/STM32L0xx_HAL_Driver/Src/stm32l0xx_hal_exti.c ****   if (hexti == NULL)
 654              		.loc 1 401 3 view .LVU222
 655              		.loc 1 401 6 is_stmt 0 view .LVU223
 656 0000 0028     		cmp	r0, #0
 657 0002 02D0     		beq	.L44
 402:Drivers/STM32L0xx_HAL_Driver/Src/stm32l0xx_hal_exti.c ****   {
 403:Drivers/STM32L0xx_HAL_Driver/Src/stm32l0xx_hal_exti.c ****     return HAL_ERROR;
 404:Drivers/STM32L0xx_HAL_Driver/Src/stm32l0xx_hal_exti.c ****   }
 405:Drivers/STM32L0xx_HAL_Driver/Src/stm32l0xx_hal_exti.c ****   else
 406:Drivers/STM32L0xx_HAL_Driver/Src/stm32l0xx_hal_exti.c ****   {
 407:Drivers/STM32L0xx_HAL_Driver/Src/stm32l0xx_hal_exti.c ****     /* Store line number as handle private field */
 408:Drivers/STM32L0xx_HAL_Driver/Src/stm32l0xx_hal_exti.c ****     hexti->Line = ExtiLine;
 658              		.loc 1 408 5 is_stmt 1 view .LVU224
 659              		.loc 1 408 17 is_stmt 0 view .LVU225
 660 0004 0160     		str	r1, [r0]
 409:Drivers/STM32L0xx_HAL_Driver/Src/stm32l0xx_hal_exti.c **** 
 410:Drivers/STM32L0xx_HAL_Driver/Src/stm32l0xx_hal_exti.c ****     return HAL_OK;
 661              		.loc 1 410 5 is_stmt 1 view .LVU226
 662              		.loc 1 410 12 is_stmt 0 view .LVU227
 663 0006 0020     		movs	r0, #0
 664              	.LVL53:
 665              	.L43:
 411:Drivers/STM32L0xx_HAL_Driver/Src/stm32l0xx_hal_exti.c ****   }
 412:Drivers/STM32L0xx_HAL_Driver/Src/stm32l0xx_hal_exti.c **** }
 666              		.loc 1 412 1 view .LVU228
 667              		@ sp needed
 668 0008 7047     		bx	lr
 669              	.LVL54:
ARM GAS  C:\Users\User\AppData\Local\Temp\cc5OSlRy.s 			page 21


 670              	.L44:
 403:Drivers/STM32L0xx_HAL_Driver/Src/stm32l0xx_hal_exti.c ****   }
 671              		.loc 1 403 12 view .LVU229
 672 000a 0120     		movs	r0, #1
 673              	.LVL55:
 403:Drivers/STM32L0xx_HAL_Driver/Src/stm32l0xx_hal_exti.c ****   }
 674              		.loc 1 403 12 view .LVU230
 675 000c FCE7     		b	.L43
 676              		.cfi_endproc
 677              	.LFE51:
 679              		.section	.text.HAL_EXTI_IRQHandler,"ax",%progbits
 680              		.align	1
 681              		.global	HAL_EXTI_IRQHandler
 682              		.syntax unified
 683              		.code	16
 684              		.thumb_func
 686              	HAL_EXTI_IRQHandler:
 687              	.LVL56:
 688              	.LFB52:
 413:Drivers/STM32L0xx_HAL_Driver/Src/stm32l0xx_hal_exti.c **** 
 414:Drivers/STM32L0xx_HAL_Driver/Src/stm32l0xx_hal_exti.c **** /**
 415:Drivers/STM32L0xx_HAL_Driver/Src/stm32l0xx_hal_exti.c ****   * @}
 416:Drivers/STM32L0xx_HAL_Driver/Src/stm32l0xx_hal_exti.c ****   */
 417:Drivers/STM32L0xx_HAL_Driver/Src/stm32l0xx_hal_exti.c **** 
 418:Drivers/STM32L0xx_HAL_Driver/Src/stm32l0xx_hal_exti.c **** /** @addtogroup EXTI_Exported_Functions_Group2
 419:Drivers/STM32L0xx_HAL_Driver/Src/stm32l0xx_hal_exti.c ****   *  @brief EXTI IO functions.
 420:Drivers/STM32L0xx_HAL_Driver/Src/stm32l0xx_hal_exti.c ****   *
 421:Drivers/STM32L0xx_HAL_Driver/Src/stm32l0xx_hal_exti.c **** @verbatim
 422:Drivers/STM32L0xx_HAL_Driver/Src/stm32l0xx_hal_exti.c ****  ===============================================================================
 423:Drivers/STM32L0xx_HAL_Driver/Src/stm32l0xx_hal_exti.c ****                        ##### IO operation functions #####
 424:Drivers/STM32L0xx_HAL_Driver/Src/stm32l0xx_hal_exti.c ****  ===============================================================================
 425:Drivers/STM32L0xx_HAL_Driver/Src/stm32l0xx_hal_exti.c **** 
 426:Drivers/STM32L0xx_HAL_Driver/Src/stm32l0xx_hal_exti.c **** @endverbatim
 427:Drivers/STM32L0xx_HAL_Driver/Src/stm32l0xx_hal_exti.c ****   * @{
 428:Drivers/STM32L0xx_HAL_Driver/Src/stm32l0xx_hal_exti.c ****   */
 429:Drivers/STM32L0xx_HAL_Driver/Src/stm32l0xx_hal_exti.c **** 
 430:Drivers/STM32L0xx_HAL_Driver/Src/stm32l0xx_hal_exti.c **** /**
 431:Drivers/STM32L0xx_HAL_Driver/Src/stm32l0xx_hal_exti.c ****   * @brief  Handle EXTI interrupt request.
 432:Drivers/STM32L0xx_HAL_Driver/Src/stm32l0xx_hal_exti.c ****   * @param  hexti Exti handle.
 433:Drivers/STM32L0xx_HAL_Driver/Src/stm32l0xx_hal_exti.c ****   * @retval none.
 434:Drivers/STM32L0xx_HAL_Driver/Src/stm32l0xx_hal_exti.c ****   */
 435:Drivers/STM32L0xx_HAL_Driver/Src/stm32l0xx_hal_exti.c **** void HAL_EXTI_IRQHandler(EXTI_HandleTypeDef *hexti)
 436:Drivers/STM32L0xx_HAL_Driver/Src/stm32l0xx_hal_exti.c **** {
 689              		.loc 1 436 1 is_stmt 1 view -0
 690              		.cfi_startproc
 691              		@ args = 0, pretend = 0, frame = 0
 692              		@ frame_needed = 0, uses_anonymous_args = 0
 693              		.loc 1 436 1 is_stmt 0 view .LVU232
 694 0000 10B5     		push	{r4, lr}
 695              	.LCFI3:
 696              		.cfi_def_cfa_offset 8
 697              		.cfi_offset 4, -8
 698              		.cfi_offset 14, -4
 437:Drivers/STM32L0xx_HAL_Driver/Src/stm32l0xx_hal_exti.c ****   uint32_t regval;
 699              		.loc 1 437 3 is_stmt 1 view .LVU233
 438:Drivers/STM32L0xx_HAL_Driver/Src/stm32l0xx_hal_exti.c ****   uint32_t maskline;
 700              		.loc 1 438 3 view .LVU234
ARM GAS  C:\Users\User\AppData\Local\Temp\cc5OSlRy.s 			page 22


 439:Drivers/STM32L0xx_HAL_Driver/Src/stm32l0xx_hal_exti.c **** 
 440:Drivers/STM32L0xx_HAL_Driver/Src/stm32l0xx_hal_exti.c ****   /* Compute line mask */
 441:Drivers/STM32L0xx_HAL_Driver/Src/stm32l0xx_hal_exti.c ****   maskline = (1uL << (hexti->Line & EXTI_PIN_MASK));
 701              		.loc 1 441 3 view .LVU235
 702              		.loc 1 441 28 is_stmt 0 view .LVU236
 703 0002 0368     		ldr	r3, [r0]
 704              		.loc 1 441 35 view .LVU237
 705 0004 1F22     		movs	r2, #31
 706 0006 1A40     		ands	r2, r3
 707              		.loc 1 441 12 view .LVU238
 708 0008 0123     		movs	r3, #1
 709 000a 9340     		lsls	r3, r3, r2
 710              	.LVL57:
 442:Drivers/STM32L0xx_HAL_Driver/Src/stm32l0xx_hal_exti.c **** 
 443:Drivers/STM32L0xx_HAL_Driver/Src/stm32l0xx_hal_exti.c ****   /* Get pending bit  */
 444:Drivers/STM32L0xx_HAL_Driver/Src/stm32l0xx_hal_exti.c ****   regval = (EXTI->PR & maskline);
 711              		.loc 1 444 3 is_stmt 1 view .LVU239
 712              		.loc 1 444 17 is_stmt 0 view .LVU240
 713 000c 054A     		ldr	r2, .L47
 714 000e 5269     		ldr	r2, [r2, #20]
 715              	.LVL58:
 445:Drivers/STM32L0xx_HAL_Driver/Src/stm32l0xx_hal_exti.c ****   if (regval != 0x00u)
 716              		.loc 1 445 3 is_stmt 1 view .LVU241
 717              		.loc 1 445 6 is_stmt 0 view .LVU242
 718 0010 1342     		tst	r3, r2
 719 0012 05D0     		beq	.L45
 446:Drivers/STM32L0xx_HAL_Driver/Src/stm32l0xx_hal_exti.c ****   {
 447:Drivers/STM32L0xx_HAL_Driver/Src/stm32l0xx_hal_exti.c ****     /* Clear pending bit */
 448:Drivers/STM32L0xx_HAL_Driver/Src/stm32l0xx_hal_exti.c ****     EXTI->PR = maskline;
 720              		.loc 1 448 5 is_stmt 1 view .LVU243
 721              		.loc 1 448 14 is_stmt 0 view .LVU244
 722 0014 034A     		ldr	r2, .L47
 723              	.LVL59:
 724              		.loc 1 448 14 view .LVU245
 725 0016 5361     		str	r3, [r2, #20]
 449:Drivers/STM32L0xx_HAL_Driver/Src/stm32l0xx_hal_exti.c **** 
 450:Drivers/STM32L0xx_HAL_Driver/Src/stm32l0xx_hal_exti.c ****     /* Call callback */
 451:Drivers/STM32L0xx_HAL_Driver/Src/stm32l0xx_hal_exti.c ****     if (hexti->PendingCallback != NULL)
 726              		.loc 1 451 5 is_stmt 1 view .LVU246
 727              		.loc 1 451 14 is_stmt 0 view .LVU247
 728 0018 4368     		ldr	r3, [r0, #4]
 729              	.LVL60:
 730              		.loc 1 451 8 view .LVU248
 731 001a 002B     		cmp	r3, #0
 732 001c 00D0     		beq	.L45
 452:Drivers/STM32L0xx_HAL_Driver/Src/stm32l0xx_hal_exti.c ****     {
 453:Drivers/STM32L0xx_HAL_Driver/Src/stm32l0xx_hal_exti.c ****       hexti->PendingCallback();
 733              		.loc 1 453 7 is_stmt 1 view .LVU249
 734 001e 9847     		blx	r3
 735              	.LVL61:
 736              	.L45:
 454:Drivers/STM32L0xx_HAL_Driver/Src/stm32l0xx_hal_exti.c ****     }
 455:Drivers/STM32L0xx_HAL_Driver/Src/stm32l0xx_hal_exti.c ****   }
 456:Drivers/STM32L0xx_HAL_Driver/Src/stm32l0xx_hal_exti.c **** }
 737              		.loc 1 456 1 is_stmt 0 view .LVU250
 738              		@ sp needed
 739 0020 10BD     		pop	{r4, pc}
ARM GAS  C:\Users\User\AppData\Local\Temp\cc5OSlRy.s 			page 23


 740              	.L48:
 741 0022 C046     		.align	2
 742              	.L47:
 743 0024 00040140 		.word	1073808384
 744              		.cfi_endproc
 745              	.LFE52:
 747              		.section	.text.HAL_EXTI_GetPending,"ax",%progbits
 748              		.align	1
 749              		.global	HAL_EXTI_GetPending
 750              		.syntax unified
 751              		.code	16
 752              		.thumb_func
 754              	HAL_EXTI_GetPending:
 755              	.LVL62:
 756              	.LFB53:
 457:Drivers/STM32L0xx_HAL_Driver/Src/stm32l0xx_hal_exti.c **** 
 458:Drivers/STM32L0xx_HAL_Driver/Src/stm32l0xx_hal_exti.c **** /**
 459:Drivers/STM32L0xx_HAL_Driver/Src/stm32l0xx_hal_exti.c ****   * @brief  Get interrupt pending bit of a dedicated line.
 460:Drivers/STM32L0xx_HAL_Driver/Src/stm32l0xx_hal_exti.c ****   * @param  hexti Exti handle.
 461:Drivers/STM32L0xx_HAL_Driver/Src/stm32l0xx_hal_exti.c ****   * @param  Edge Specify which pending edge as to be checked.
 462:Drivers/STM32L0xx_HAL_Driver/Src/stm32l0xx_hal_exti.c ****   *         This parameter can be one of the following values:
 463:Drivers/STM32L0xx_HAL_Driver/Src/stm32l0xx_hal_exti.c ****   *           @arg @ref EXTI_TRIGGER_RISING_FALLING
 464:Drivers/STM32L0xx_HAL_Driver/Src/stm32l0xx_hal_exti.c ****   *         This parameter is kept for compatibility with other series.
 465:Drivers/STM32L0xx_HAL_Driver/Src/stm32l0xx_hal_exti.c ****   * @retval 1 if interrupt is pending else 0.
 466:Drivers/STM32L0xx_HAL_Driver/Src/stm32l0xx_hal_exti.c ****   */
 467:Drivers/STM32L0xx_HAL_Driver/Src/stm32l0xx_hal_exti.c **** uint32_t HAL_EXTI_GetPending(EXTI_HandleTypeDef *hexti, uint32_t Edge)
 468:Drivers/STM32L0xx_HAL_Driver/Src/stm32l0xx_hal_exti.c **** {
 757              		.loc 1 468 1 is_stmt 1 view -0
 758              		.cfi_startproc
 759              		@ args = 0, pretend = 0, frame = 0
 760              		@ frame_needed = 0, uses_anonymous_args = 0
 761              		@ link register save eliminated.
 469:Drivers/STM32L0xx_HAL_Driver/Src/stm32l0xx_hal_exti.c ****   uint32_t regval;
 762              		.loc 1 469 3 view .LVU252
 470:Drivers/STM32L0xx_HAL_Driver/Src/stm32l0xx_hal_exti.c ****   uint32_t linepos;
 763              		.loc 1 470 3 view .LVU253
 471:Drivers/STM32L0xx_HAL_Driver/Src/stm32l0xx_hal_exti.c ****   uint32_t maskline;
 764              		.loc 1 471 3 view .LVU254
 472:Drivers/STM32L0xx_HAL_Driver/Src/stm32l0xx_hal_exti.c **** 
 473:Drivers/STM32L0xx_HAL_Driver/Src/stm32l0xx_hal_exti.c ****   /* Check parameters */
 474:Drivers/STM32L0xx_HAL_Driver/Src/stm32l0xx_hal_exti.c ****   assert_param(IS_EXTI_LINE(hexti->Line));
 765              		.loc 1 474 3 view .LVU255
 475:Drivers/STM32L0xx_HAL_Driver/Src/stm32l0xx_hal_exti.c ****   assert_param(IS_EXTI_CONFIG_LINE(hexti->Line));
 766              		.loc 1 475 3 view .LVU256
 476:Drivers/STM32L0xx_HAL_Driver/Src/stm32l0xx_hal_exti.c ****   assert_param(IS_EXTI_PENDING_EDGE(Edge));
 767              		.loc 1 476 3 view .LVU257
 477:Drivers/STM32L0xx_HAL_Driver/Src/stm32l0xx_hal_exti.c **** 
 478:Drivers/STM32L0xx_HAL_Driver/Src/stm32l0xx_hal_exti.c ****   /* Compute line mask */
 479:Drivers/STM32L0xx_HAL_Driver/Src/stm32l0xx_hal_exti.c ****   linepos = (hexti->Line & EXTI_PIN_MASK);
 768              		.loc 1 479 3 view .LVU258
 769              		.loc 1 479 19 is_stmt 0 view .LVU259
 770 0000 0268     		ldr	r2, [r0]
 771              		.loc 1 479 11 view .LVU260
 772 0002 1F23     		movs	r3, #31
 773 0004 1340     		ands	r3, r2
 774              	.LVL63:
 480:Drivers/STM32L0xx_HAL_Driver/Src/stm32l0xx_hal_exti.c ****   maskline = (1uL << linepos);
ARM GAS  C:\Users\User\AppData\Local\Temp\cc5OSlRy.s 			page 24


 775              		.loc 1 480 3 is_stmt 1 view .LVU261
 776              		.loc 1 480 12 is_stmt 0 view .LVU262
 777 0006 0120     		movs	r0, #1
 778              	.LVL64:
 779              		.loc 1 480 12 view .LVU263
 780 0008 9840     		lsls	r0, r0, r3
 781              	.LVL65:
 481:Drivers/STM32L0xx_HAL_Driver/Src/stm32l0xx_hal_exti.c **** 
 482:Drivers/STM32L0xx_HAL_Driver/Src/stm32l0xx_hal_exti.c ****   /* return 1 if bit is set else 0 */
 483:Drivers/STM32L0xx_HAL_Driver/Src/stm32l0xx_hal_exti.c ****   regval = ((EXTI->PR & maskline) >> linepos);
 782              		.loc 1 483 3 is_stmt 1 view .LVU264
 783              		.loc 1 483 18 is_stmt 0 view .LVU265
 784 000a 024A     		ldr	r2, .L50
 785 000c 5269     		ldr	r2, [r2, #20]
 786              		.loc 1 483 23 view .LVU266
 787 000e 1040     		ands	r0, r2
 788              	.LVL66:
 789              		.loc 1 483 10 view .LVU267
 790 0010 D840     		lsrs	r0, r0, r3
 791              	.LVL67:
 484:Drivers/STM32L0xx_HAL_Driver/Src/stm32l0xx_hal_exti.c ****   return regval;
 792              		.loc 1 484 3 is_stmt 1 view .LVU268
 485:Drivers/STM32L0xx_HAL_Driver/Src/stm32l0xx_hal_exti.c **** }
 793              		.loc 1 485 1 is_stmt 0 view .LVU269
 794              		@ sp needed
 795 0012 7047     		bx	lr
 796              	.L51:
 797              		.align	2
 798              	.L50:
 799 0014 00040140 		.word	1073808384
 800              		.cfi_endproc
 801              	.LFE53:
 803              		.section	.text.HAL_EXTI_ClearPending,"ax",%progbits
 804              		.align	1
 805              		.global	HAL_EXTI_ClearPending
 806              		.syntax unified
 807              		.code	16
 808              		.thumb_func
 810              	HAL_EXTI_ClearPending:
 811              	.LVL68:
 812              	.LFB54:
 486:Drivers/STM32L0xx_HAL_Driver/Src/stm32l0xx_hal_exti.c **** 
 487:Drivers/STM32L0xx_HAL_Driver/Src/stm32l0xx_hal_exti.c **** /**
 488:Drivers/STM32L0xx_HAL_Driver/Src/stm32l0xx_hal_exti.c ****   * @brief  Clear interrupt pending bit of a dedicated line.
 489:Drivers/STM32L0xx_HAL_Driver/Src/stm32l0xx_hal_exti.c ****   * @param  hexti Exti handle.
 490:Drivers/STM32L0xx_HAL_Driver/Src/stm32l0xx_hal_exti.c ****   * @param  Edge Specify which pending edge as to be clear.
 491:Drivers/STM32L0xx_HAL_Driver/Src/stm32l0xx_hal_exti.c ****   *         This parameter can be one of the following values:
 492:Drivers/STM32L0xx_HAL_Driver/Src/stm32l0xx_hal_exti.c ****   *           @arg @ref EXTI_TRIGGER_RISING_FALLING
 493:Drivers/STM32L0xx_HAL_Driver/Src/stm32l0xx_hal_exti.c ****   *         This parameter is kept for compatibility with other series.
 494:Drivers/STM32L0xx_HAL_Driver/Src/stm32l0xx_hal_exti.c ****   * @retval None.
 495:Drivers/STM32L0xx_HAL_Driver/Src/stm32l0xx_hal_exti.c ****   */
 496:Drivers/STM32L0xx_HAL_Driver/Src/stm32l0xx_hal_exti.c **** void HAL_EXTI_ClearPending(EXTI_HandleTypeDef *hexti, uint32_t Edge)
 497:Drivers/STM32L0xx_HAL_Driver/Src/stm32l0xx_hal_exti.c **** {
 813              		.loc 1 497 1 is_stmt 1 view -0
 814              		.cfi_startproc
 815              		@ args = 0, pretend = 0, frame = 0
 816              		@ frame_needed = 0, uses_anonymous_args = 0
ARM GAS  C:\Users\User\AppData\Local\Temp\cc5OSlRy.s 			page 25


 817              		@ link register save eliminated.
 498:Drivers/STM32L0xx_HAL_Driver/Src/stm32l0xx_hal_exti.c ****   uint32_t maskline;
 818              		.loc 1 498 3 view .LVU271
 499:Drivers/STM32L0xx_HAL_Driver/Src/stm32l0xx_hal_exti.c **** 
 500:Drivers/STM32L0xx_HAL_Driver/Src/stm32l0xx_hal_exti.c ****   /* Check parameters */
 501:Drivers/STM32L0xx_HAL_Driver/Src/stm32l0xx_hal_exti.c ****   assert_param(IS_EXTI_LINE(hexti->Line));
 819              		.loc 1 501 3 view .LVU272
 502:Drivers/STM32L0xx_HAL_Driver/Src/stm32l0xx_hal_exti.c ****   assert_param(IS_EXTI_CONFIG_LINE(hexti->Line));
 820              		.loc 1 502 3 view .LVU273
 503:Drivers/STM32L0xx_HAL_Driver/Src/stm32l0xx_hal_exti.c ****   assert_param(IS_EXTI_PENDING_EDGE(Edge));
 821              		.loc 1 503 3 view .LVU274
 504:Drivers/STM32L0xx_HAL_Driver/Src/stm32l0xx_hal_exti.c **** 
 505:Drivers/STM32L0xx_HAL_Driver/Src/stm32l0xx_hal_exti.c ****   /* Compute line mask */
 506:Drivers/STM32L0xx_HAL_Driver/Src/stm32l0xx_hal_exti.c ****   maskline = (1uL << (hexti->Line & EXTI_PIN_MASK));
 822              		.loc 1 506 3 view .LVU275
 823              		.loc 1 506 28 is_stmt 0 view .LVU276
 824 0000 0368     		ldr	r3, [r0]
 825              		.loc 1 506 35 view .LVU277
 826 0002 1F22     		movs	r2, #31
 827 0004 1A40     		ands	r2, r3
 828              		.loc 1 506 12 view .LVU278
 829 0006 0123     		movs	r3, #1
 830 0008 9340     		lsls	r3, r3, r2
 831              	.LVL69:
 507:Drivers/STM32L0xx_HAL_Driver/Src/stm32l0xx_hal_exti.c **** 
 508:Drivers/STM32L0xx_HAL_Driver/Src/stm32l0xx_hal_exti.c ****   /* Clear Pending bit */
 509:Drivers/STM32L0xx_HAL_Driver/Src/stm32l0xx_hal_exti.c ****   EXTI->PR =  maskline;
 832              		.loc 1 509 3 is_stmt 1 view .LVU279
 833              		.loc 1 509 12 is_stmt 0 view .LVU280
 834 000a 014A     		ldr	r2, .L53
 835 000c 5361     		str	r3, [r2, #20]
 510:Drivers/STM32L0xx_HAL_Driver/Src/stm32l0xx_hal_exti.c **** }
 836              		.loc 1 510 1 view .LVU281
 837              		@ sp needed
 838 000e 7047     		bx	lr
 839              	.L54:
 840              		.align	2
 841              	.L53:
 842 0010 00040140 		.word	1073808384
 843              		.cfi_endproc
 844              	.LFE54:
 846              		.section	.text.HAL_EXTI_GenerateSWI,"ax",%progbits
 847              		.align	1
 848              		.global	HAL_EXTI_GenerateSWI
 849              		.syntax unified
 850              		.code	16
 851              		.thumb_func
 853              	HAL_EXTI_GenerateSWI:
 854              	.LVL70:
 855              	.LFB55:
 511:Drivers/STM32L0xx_HAL_Driver/Src/stm32l0xx_hal_exti.c **** 
 512:Drivers/STM32L0xx_HAL_Driver/Src/stm32l0xx_hal_exti.c **** /**
 513:Drivers/STM32L0xx_HAL_Driver/Src/stm32l0xx_hal_exti.c ****   * @brief  Generate a software interrupt for a dedicated line.
 514:Drivers/STM32L0xx_HAL_Driver/Src/stm32l0xx_hal_exti.c ****   * @param  hexti Exti handle.
 515:Drivers/STM32L0xx_HAL_Driver/Src/stm32l0xx_hal_exti.c ****   * @retval None.
 516:Drivers/STM32L0xx_HAL_Driver/Src/stm32l0xx_hal_exti.c ****   */
 517:Drivers/STM32L0xx_HAL_Driver/Src/stm32l0xx_hal_exti.c **** void HAL_EXTI_GenerateSWI(EXTI_HandleTypeDef *hexti)
ARM GAS  C:\Users\User\AppData\Local\Temp\cc5OSlRy.s 			page 26


 518:Drivers/STM32L0xx_HAL_Driver/Src/stm32l0xx_hal_exti.c **** {
 856              		.loc 1 518 1 is_stmt 1 view -0
 857              		.cfi_startproc
 858              		@ args = 0, pretend = 0, frame = 0
 859              		@ frame_needed = 0, uses_anonymous_args = 0
 860              		@ link register save eliminated.
 519:Drivers/STM32L0xx_HAL_Driver/Src/stm32l0xx_hal_exti.c ****   uint32_t maskline;
 861              		.loc 1 519 3 view .LVU283
 520:Drivers/STM32L0xx_HAL_Driver/Src/stm32l0xx_hal_exti.c **** 
 521:Drivers/STM32L0xx_HAL_Driver/Src/stm32l0xx_hal_exti.c ****   /* Check parameters */
 522:Drivers/STM32L0xx_HAL_Driver/Src/stm32l0xx_hal_exti.c ****   assert_param(IS_EXTI_LINE(hexti->Line));
 862              		.loc 1 522 3 view .LVU284
 523:Drivers/STM32L0xx_HAL_Driver/Src/stm32l0xx_hal_exti.c ****   assert_param(IS_EXTI_CONFIG_LINE(hexti->Line));
 863              		.loc 1 523 3 view .LVU285
 524:Drivers/STM32L0xx_HAL_Driver/Src/stm32l0xx_hal_exti.c **** 
 525:Drivers/STM32L0xx_HAL_Driver/Src/stm32l0xx_hal_exti.c ****   /* Compute line mask */
 526:Drivers/STM32L0xx_HAL_Driver/Src/stm32l0xx_hal_exti.c ****   maskline = (1uL << (hexti->Line & EXTI_PIN_MASK));
 864              		.loc 1 526 3 view .LVU286
 865              		.loc 1 526 28 is_stmt 0 view .LVU287
 866 0000 0368     		ldr	r3, [r0]
 867              		.loc 1 526 35 view .LVU288
 868 0002 1F22     		movs	r2, #31
 869 0004 1A40     		ands	r2, r3
 870              		.loc 1 526 12 view .LVU289
 871 0006 0123     		movs	r3, #1
 872 0008 9340     		lsls	r3, r3, r2
 873              	.LVL71:
 527:Drivers/STM32L0xx_HAL_Driver/Src/stm32l0xx_hal_exti.c **** 
 528:Drivers/STM32L0xx_HAL_Driver/Src/stm32l0xx_hal_exti.c ****   /* Generate Software interrupt */
 529:Drivers/STM32L0xx_HAL_Driver/Src/stm32l0xx_hal_exti.c ****   EXTI->SWIER = maskline;
 874              		.loc 1 529 3 is_stmt 1 view .LVU290
 875              		.loc 1 529 15 is_stmt 0 view .LVU291
 876 000a 014A     		ldr	r2, .L56
 877 000c 1361     		str	r3, [r2, #16]
 530:Drivers/STM32L0xx_HAL_Driver/Src/stm32l0xx_hal_exti.c **** }
 878              		.loc 1 530 1 view .LVU292
 879              		@ sp needed
 880 000e 7047     		bx	lr
 881              	.L57:
 882              		.align	2
 883              	.L56:
 884 0010 00040140 		.word	1073808384
 885              		.cfi_endproc
 886              	.LFE55:
 888              		.text
 889              	.Letext0:
 890              		.file 2 "c:\\program files (x86)\\arm gnu toolchain arm-none-eabi\\12.2 rel1\\arm-none-eabi\\inclu
 891              		.file 3 "c:\\program files (x86)\\arm gnu toolchain arm-none-eabi\\12.2 rel1\\arm-none-eabi\\inclu
 892              		.file 4 "Drivers/CMSIS/Device/ST/STM32L0xx/Include/stm32l071xx.h"
 893              		.file 5 "Drivers/STM32L0xx_HAL_Driver/Inc/stm32l0xx_hal_def.h"
 894              		.file 6 "Drivers/STM32L0xx_HAL_Driver/Inc/stm32l0xx_hal_exti.h"
ARM GAS  C:\Users\User\AppData\Local\Temp\cc5OSlRy.s 			page 27


DEFINED SYMBOLS
                            *ABS*:00000000 stm32l0xx_hal_exti.c
C:\Users\User\AppData\Local\Temp\cc5OSlRy.s:19     .text.HAL_EXTI_SetConfigLine:00000000 $t
C:\Users\User\AppData\Local\Temp\cc5OSlRy.s:25     .text.HAL_EXTI_SetConfigLine:00000000 HAL_EXTI_SetConfigLine
C:\Users\User\AppData\Local\Temp\cc5OSlRy.s:248    .text.HAL_EXTI_SetConfigLine:000000b8 $d
C:\Users\User\AppData\Local\Temp\cc5OSlRy.s:254    .text.HAL_EXTI_GetConfigLine:00000000 $t
C:\Users\User\AppData\Local\Temp\cc5OSlRy.s:260    .text.HAL_EXTI_GetConfigLine:00000000 HAL_EXTI_GetConfigLine
C:\Users\User\AppData\Local\Temp\cc5OSlRy.s:439    .text.HAL_EXTI_GetConfigLine:00000094 $d
C:\Users\User\AppData\Local\Temp\cc5OSlRy.s:445    .text.HAL_EXTI_ClearConfigLine:00000000 $t
C:\Users\User\AppData\Local\Temp\cc5OSlRy.s:451    .text.HAL_EXTI_ClearConfigLine:00000000 HAL_EXTI_ClearConfigLine
C:\Users\User\AppData\Local\Temp\cc5OSlRy.s:592    .text.HAL_EXTI_ClearConfigLine:00000068 $d
C:\Users\User\AppData\Local\Temp\cc5OSlRy.s:598    .text.HAL_EXTI_RegisterCallback:00000000 $t
C:\Users\User\AppData\Local\Temp\cc5OSlRy.s:604    .text.HAL_EXTI_RegisterCallback:00000000 HAL_EXTI_RegisterCallback
C:\Users\User\AppData\Local\Temp\cc5OSlRy.s:639    .text.HAL_EXTI_GetHandle:00000000 $t
C:\Users\User\AppData\Local\Temp\cc5OSlRy.s:645    .text.HAL_EXTI_GetHandle:00000000 HAL_EXTI_GetHandle
C:\Users\User\AppData\Local\Temp\cc5OSlRy.s:680    .text.HAL_EXTI_IRQHandler:00000000 $t
C:\Users\User\AppData\Local\Temp\cc5OSlRy.s:686    .text.HAL_EXTI_IRQHandler:00000000 HAL_EXTI_IRQHandler
C:\Users\User\AppData\Local\Temp\cc5OSlRy.s:743    .text.HAL_EXTI_IRQHandler:00000024 $d
C:\Users\User\AppData\Local\Temp\cc5OSlRy.s:748    .text.HAL_EXTI_GetPending:00000000 $t
C:\Users\User\AppData\Local\Temp\cc5OSlRy.s:754    .text.HAL_EXTI_GetPending:00000000 HAL_EXTI_GetPending
C:\Users\User\AppData\Local\Temp\cc5OSlRy.s:799    .text.HAL_EXTI_GetPending:00000014 $d
C:\Users\User\AppData\Local\Temp\cc5OSlRy.s:804    .text.HAL_EXTI_ClearPending:00000000 $t
C:\Users\User\AppData\Local\Temp\cc5OSlRy.s:810    .text.HAL_EXTI_ClearPending:00000000 HAL_EXTI_ClearPending
C:\Users\User\AppData\Local\Temp\cc5OSlRy.s:842    .text.HAL_EXTI_ClearPending:00000010 $d
C:\Users\User\AppData\Local\Temp\cc5OSlRy.s:847    .text.HAL_EXTI_GenerateSWI:00000000 $t
C:\Users\User\AppData\Local\Temp\cc5OSlRy.s:853    .text.HAL_EXTI_GenerateSWI:00000000 HAL_EXTI_GenerateSWI
C:\Users\User\AppData\Local\Temp\cc5OSlRy.s:884    .text.HAL_EXTI_GenerateSWI:00000010 $d

NO UNDEFINED SYMBOLS
