ARM GAS  C:\Users\User\AppData\Local\Temp\cchAVKid.s 			page 1


   1              		.cpu cortex-m0plus
   2              		.arch armv6s-m
   3              		.fpu softvfp
   4              		.eabi_attribute 20, 1
   5              		.eabi_attribute 21, 1
   6              		.eabi_attribute 23, 3
   7              		.eabi_attribute 24, 1
   8              		.eabi_attribute 25, 1
   9              		.eabi_attribute 26, 1
  10              		.eabi_attribute 30, 1
  11              		.eabi_attribute 34, 0
  12              		.eabi_attribute 18, 4
  13              		.file	"usart.c"
  14              		.text
  15              	.Ltext0:
  16              		.cfi_sections	.debug_frame
  17              		.file 1 "Core/Src/usart.c"
  18              		.section	.text.MX_USART1_UART_Init,"ax",%progbits
  19              		.align	1
  20              		.global	MX_USART1_UART_Init
  21              		.syntax unified
  22              		.code	16
  23              		.thumb_func
  25              	MX_USART1_UART_Init:
  26              	.LFB47:
   1:Core/Src/usart.c **** /* USER CODE BEGIN Header */
   2:Core/Src/usart.c **** /**
   3:Core/Src/usart.c ****   ******************************************************************************
   4:Core/Src/usart.c ****   * @file    usart.c
   5:Core/Src/usart.c ****   * @brief   This file provides code for the configuration
   6:Core/Src/usart.c ****   *          of the USART instances.
   7:Core/Src/usart.c ****   ******************************************************************************
   8:Core/Src/usart.c ****   * @attention
   9:Core/Src/usart.c ****   *
  10:Core/Src/usart.c ****   * Copyright (c) 2023 STMicroelectronics.
  11:Core/Src/usart.c ****   * All rights reserved.
  12:Core/Src/usart.c ****   *
  13:Core/Src/usart.c ****   * This software is licensed under terms that can be found in the LICENSE file
  14:Core/Src/usart.c ****   * in the root directory of this software component.
  15:Core/Src/usart.c ****   * If no LICENSE file comes with this software, it is provided AS-IS.
  16:Core/Src/usart.c ****   *
  17:Core/Src/usart.c ****   ******************************************************************************
  18:Core/Src/usart.c ****   */
  19:Core/Src/usart.c **** /* USER CODE END Header */
  20:Core/Src/usart.c **** /* Includes ------------------------------------------------------------------*/
  21:Core/Src/usart.c **** #include "usart.h"
  22:Core/Src/usart.c **** 
  23:Core/Src/usart.c **** /* USER CODE BEGIN 0 */
  24:Core/Src/usart.c **** 
  25:Core/Src/usart.c **** /* USER CODE END 0 */
  26:Core/Src/usart.c **** 
  27:Core/Src/usart.c **** UART_HandleTypeDef huart1;
  28:Core/Src/usart.c **** UART_HandleTypeDef huart2;
  29:Core/Src/usart.c **** 
  30:Core/Src/usart.c **** /* USART1 init function */
  31:Core/Src/usart.c **** 
  32:Core/Src/usart.c **** void MX_USART1_UART_Init(void)
ARM GAS  C:\Users\User\AppData\Local\Temp\cchAVKid.s 			page 2


  33:Core/Src/usart.c **** {
  27              		.loc 1 33 1 view -0
  28              		.cfi_startproc
  29              		@ args = 0, pretend = 0, frame = 0
  30              		@ frame_needed = 0, uses_anonymous_args = 0
  31 0000 10B5     		push	{r4, lr}
  32              	.LCFI0:
  33              		.cfi_def_cfa_offset 8
  34              		.cfi_offset 4, -8
  35              		.cfi_offset 14, -4
  34:Core/Src/usart.c **** 
  35:Core/Src/usart.c ****   /* USER CODE BEGIN USART1_Init 0 */
  36:Core/Src/usart.c **** 
  37:Core/Src/usart.c ****   /* USER CODE END USART1_Init 0 */
  38:Core/Src/usart.c **** 
  39:Core/Src/usart.c ****   /* USER CODE BEGIN USART1_Init 1 */
  40:Core/Src/usart.c **** 
  41:Core/Src/usart.c ****   /* USER CODE END USART1_Init 1 */
  42:Core/Src/usart.c ****   huart1.Instance = USART1;
  36              		.loc 1 42 3 view .LVU1
  37              		.loc 1 42 19 is_stmt 0 view .LVU2
  38 0002 0D48     		ldr	r0, .L4
  39 0004 0D4B     		ldr	r3, .L4+4
  40 0006 0360     		str	r3, [r0]
  43:Core/Src/usart.c ****   huart1.Init.BaudRate = 115200;
  41              		.loc 1 43 3 is_stmt 1 view .LVU3
  42              		.loc 1 43 24 is_stmt 0 view .LVU4
  43 0008 E123     		movs	r3, #225
  44 000a 5B02     		lsls	r3, r3, #9
  45 000c 4360     		str	r3, [r0, #4]
  44:Core/Src/usart.c ****   huart1.Init.WordLength = UART_WORDLENGTH_8B;
  46              		.loc 1 44 3 is_stmt 1 view .LVU5
  47              		.loc 1 44 26 is_stmt 0 view .LVU6
  48 000e 0023     		movs	r3, #0
  49 0010 8360     		str	r3, [r0, #8]
  45:Core/Src/usart.c ****   huart1.Init.StopBits = UART_STOPBITS_1;
  50              		.loc 1 45 3 is_stmt 1 view .LVU7
  51              		.loc 1 45 24 is_stmt 0 view .LVU8
  52 0012 C360     		str	r3, [r0, #12]
  46:Core/Src/usart.c ****   huart1.Init.Parity = UART_PARITY_NONE;
  53              		.loc 1 46 3 is_stmt 1 view .LVU9
  54              		.loc 1 46 22 is_stmt 0 view .LVU10
  55 0014 0361     		str	r3, [r0, #16]
  47:Core/Src/usart.c ****   huart1.Init.Mode = UART_MODE_TX_RX;
  56              		.loc 1 47 3 is_stmt 1 view .LVU11
  57              		.loc 1 47 20 is_stmt 0 view .LVU12
  58 0016 0C22     		movs	r2, #12
  59 0018 4261     		str	r2, [r0, #20]
  48:Core/Src/usart.c ****   huart1.Init.HwFlowCtl = UART_HWCONTROL_NONE;
  60              		.loc 1 48 3 is_stmt 1 view .LVU13
  61              		.loc 1 48 25 is_stmt 0 view .LVU14
  62 001a 8361     		str	r3, [r0, #24]
  49:Core/Src/usart.c ****   huart1.Init.OverSampling = UART_OVERSAMPLING_16;
  63              		.loc 1 49 3 is_stmt 1 view .LVU15
  64              		.loc 1 49 28 is_stmt 0 view .LVU16
  65 001c C361     		str	r3, [r0, #28]
  50:Core/Src/usart.c ****   huart1.Init.OneBitSampling = UART_ONE_BIT_SAMPLE_DISABLE;
ARM GAS  C:\Users\User\AppData\Local\Temp\cchAVKid.s 			page 3


  66              		.loc 1 50 3 is_stmt 1 view .LVU17
  67              		.loc 1 50 30 is_stmt 0 view .LVU18
  68 001e 0362     		str	r3, [r0, #32]
  51:Core/Src/usart.c ****   huart1.AdvancedInit.AdvFeatureInit = UART_ADVFEATURE_NO_INIT;
  69              		.loc 1 51 3 is_stmt 1 view .LVU19
  70              		.loc 1 51 38 is_stmt 0 view .LVU20
  71 0020 4362     		str	r3, [r0, #36]
  52:Core/Src/usart.c ****   if (HAL_RS485Ex_Init(&huart1, UART_DE_POLARITY_HIGH, 0, 0) != HAL_OK)
  72              		.loc 1 52 3 is_stmt 1 view .LVU21
  73              		.loc 1 52 7 is_stmt 0 view .LVU22
  74 0022 0022     		movs	r2, #0
  75 0024 0021     		movs	r1, #0
  76 0026 FFF7FEFF 		bl	HAL_RS485Ex_Init
  77              	.LVL0:
  78              		.loc 1 52 6 view .LVU23
  79 002a 0028     		cmp	r0, #0
  80 002c 00D1     		bne	.L3
  81              	.L1:
  53:Core/Src/usart.c ****   {
  54:Core/Src/usart.c ****     Error_Handler();
  55:Core/Src/usart.c ****   }
  56:Core/Src/usart.c ****   /* USER CODE BEGIN USART1_Init 2 */
  57:Core/Src/usart.c **** 
  58:Core/Src/usart.c ****   /* USER CODE END USART1_Init 2 */
  59:Core/Src/usart.c **** 
  60:Core/Src/usart.c **** }
  82              		.loc 1 60 1 view .LVU24
  83              		@ sp needed
  84 002e 10BD     		pop	{r4, pc}
  85              	.L3:
  54:Core/Src/usart.c ****   }
  86              		.loc 1 54 5 is_stmt 1 view .LVU25
  87 0030 FFF7FEFF 		bl	Error_Handler
  88              	.LVL1:
  89              		.loc 1 60 1 is_stmt 0 view .LVU26
  90 0034 FBE7     		b	.L1
  91              	.L5:
  92 0036 C046     		.align	2
  93              	.L4:
  94 0038 00000000 		.word	huart1
  95 003c 00380140 		.word	1073821696
  96              		.cfi_endproc
  97              	.LFE47:
  99              		.section	.text.MX_USART2_UART_Init,"ax",%progbits
 100              		.align	1
 101              		.global	MX_USART2_UART_Init
 102              		.syntax unified
 103              		.code	16
 104              		.thumb_func
 106              	MX_USART2_UART_Init:
 107              	.LFB48:
  61:Core/Src/usart.c **** /* USART2 init function */
  62:Core/Src/usart.c **** 
  63:Core/Src/usart.c **** void MX_USART2_UART_Init(void)
  64:Core/Src/usart.c **** {
 108              		.loc 1 64 1 is_stmt 1 view -0
 109              		.cfi_startproc
ARM GAS  C:\Users\User\AppData\Local\Temp\cchAVKid.s 			page 4


 110              		@ args = 0, pretend = 0, frame = 0
 111              		@ frame_needed = 0, uses_anonymous_args = 0
 112 0000 10B5     		push	{r4, lr}
 113              	.LCFI1:
 114              		.cfi_def_cfa_offset 8
 115              		.cfi_offset 4, -8
 116              		.cfi_offset 14, -4
  65:Core/Src/usart.c **** 
  66:Core/Src/usart.c ****   /* USER CODE BEGIN USART2_Init 0 */
  67:Core/Src/usart.c **** 
  68:Core/Src/usart.c ****   /* USER CODE END USART2_Init 0 */
  69:Core/Src/usart.c **** 
  70:Core/Src/usart.c ****   /* USER CODE BEGIN USART2_Init 1 */
  71:Core/Src/usart.c **** 
  72:Core/Src/usart.c ****   /* USER CODE END USART2_Init 1 */
  73:Core/Src/usart.c ****   huart2.Instance = USART2;
 117              		.loc 1 73 3 view .LVU28
 118              		.loc 1 73 19 is_stmt 0 view .LVU29
 119 0002 0D48     		ldr	r0, .L9
 120 0004 0D4B     		ldr	r3, .L9+4
 121 0006 0360     		str	r3, [r0]
  74:Core/Src/usart.c ****   huart2.Init.BaudRate = 115200;
 122              		.loc 1 74 3 is_stmt 1 view .LVU30
 123              		.loc 1 74 24 is_stmt 0 view .LVU31
 124 0008 E123     		movs	r3, #225
 125 000a 5B02     		lsls	r3, r3, #9
 126 000c 4360     		str	r3, [r0, #4]
  75:Core/Src/usart.c ****   huart2.Init.WordLength = UART_WORDLENGTH_8B;
 127              		.loc 1 75 3 is_stmt 1 view .LVU32
 128              		.loc 1 75 26 is_stmt 0 view .LVU33
 129 000e 0023     		movs	r3, #0
 130 0010 8360     		str	r3, [r0, #8]
  76:Core/Src/usart.c ****   huart2.Init.StopBits = UART_STOPBITS_1;
 131              		.loc 1 76 3 is_stmt 1 view .LVU34
 132              		.loc 1 76 24 is_stmt 0 view .LVU35
 133 0012 C360     		str	r3, [r0, #12]
  77:Core/Src/usart.c ****   huart2.Init.Parity = UART_PARITY_NONE;
 134              		.loc 1 77 3 is_stmt 1 view .LVU36
 135              		.loc 1 77 22 is_stmt 0 view .LVU37
 136 0014 0361     		str	r3, [r0, #16]
  78:Core/Src/usart.c ****   huart2.Init.Mode = UART_MODE_TX_RX;
 137              		.loc 1 78 3 is_stmt 1 view .LVU38
 138              		.loc 1 78 20 is_stmt 0 view .LVU39
 139 0016 0C22     		movs	r2, #12
 140 0018 4261     		str	r2, [r0, #20]
  79:Core/Src/usart.c ****   huart2.Init.HwFlowCtl = UART_HWCONTROL_NONE;
 141              		.loc 1 79 3 is_stmt 1 view .LVU40
 142              		.loc 1 79 25 is_stmt 0 view .LVU41
 143 001a 8361     		str	r3, [r0, #24]
  80:Core/Src/usart.c ****   huart2.Init.OverSampling = UART_OVERSAMPLING_16;
 144              		.loc 1 80 3 is_stmt 1 view .LVU42
 145              		.loc 1 80 28 is_stmt 0 view .LVU43
 146 001c C361     		str	r3, [r0, #28]
  81:Core/Src/usart.c ****   huart2.Init.OneBitSampling = UART_ONE_BIT_SAMPLE_DISABLE;
 147              		.loc 1 81 3 is_stmt 1 view .LVU44
 148              		.loc 1 81 30 is_stmt 0 view .LVU45
 149 001e 0362     		str	r3, [r0, #32]
ARM GAS  C:\Users\User\AppData\Local\Temp\cchAVKid.s 			page 5


  82:Core/Src/usart.c ****   huart2.AdvancedInit.AdvFeatureInit = UART_ADVFEATURE_NO_INIT;
 150              		.loc 1 82 3 is_stmt 1 view .LVU46
 151              		.loc 1 82 38 is_stmt 0 view .LVU47
 152 0020 4362     		str	r3, [r0, #36]
  83:Core/Src/usart.c ****   if (HAL_RS485Ex_Init(&huart2, UART_DE_POLARITY_HIGH, 0, 0) != HAL_OK)
 153              		.loc 1 83 3 is_stmt 1 view .LVU48
 154              		.loc 1 83 7 is_stmt 0 view .LVU49
 155 0022 0022     		movs	r2, #0
 156 0024 0021     		movs	r1, #0
 157 0026 FFF7FEFF 		bl	HAL_RS485Ex_Init
 158              	.LVL2:
 159              		.loc 1 83 6 view .LVU50
 160 002a 0028     		cmp	r0, #0
 161 002c 00D1     		bne	.L8
 162              	.L6:
  84:Core/Src/usart.c ****   {
  85:Core/Src/usart.c ****     Error_Handler();
  86:Core/Src/usart.c ****   }
  87:Core/Src/usart.c ****   /* USER CODE BEGIN USART2_Init 2 */
  88:Core/Src/usart.c **** 
  89:Core/Src/usart.c ****   /* USER CODE END USART2_Init 2 */
  90:Core/Src/usart.c **** 
  91:Core/Src/usart.c **** }
 163              		.loc 1 91 1 view .LVU51
 164              		@ sp needed
 165 002e 10BD     		pop	{r4, pc}
 166              	.L8:
  85:Core/Src/usart.c ****   }
 167              		.loc 1 85 5 is_stmt 1 view .LVU52
 168 0030 FFF7FEFF 		bl	Error_Handler
 169              	.LVL3:
 170              		.loc 1 91 1 is_stmt 0 view .LVU53
 171 0034 FBE7     		b	.L6
 172              	.L10:
 173 0036 C046     		.align	2
 174              	.L9:
 175 0038 00000000 		.word	huart2
 176 003c 00440040 		.word	1073759232
 177              		.cfi_endproc
 178              	.LFE48:
 180              		.section	.text.HAL_UART_MspInit,"ax",%progbits
 181              		.align	1
 182              		.global	HAL_UART_MspInit
 183              		.syntax unified
 184              		.code	16
 185              		.thumb_func
 187              	HAL_UART_MspInit:
 188              	.LVL4:
 189              	.LFB49:
  92:Core/Src/usart.c **** 
  93:Core/Src/usart.c **** void HAL_UART_MspInit(UART_HandleTypeDef* uartHandle)
  94:Core/Src/usart.c **** {
 190              		.loc 1 94 1 is_stmt 1 view -0
 191              		.cfi_startproc
 192              		@ args = 0, pretend = 0, frame = 32
 193              		@ frame_needed = 0, uses_anonymous_args = 0
 194              		.loc 1 94 1 is_stmt 0 view .LVU55
ARM GAS  C:\Users\User\AppData\Local\Temp\cchAVKid.s 			page 6


 195 0000 10B5     		push	{r4, lr}
 196              	.LCFI2:
 197              		.cfi_def_cfa_offset 8
 198              		.cfi_offset 4, -8
 199              		.cfi_offset 14, -4
 200 0002 88B0     		sub	sp, sp, #32
 201              	.LCFI3:
 202              		.cfi_def_cfa_offset 40
 203 0004 0400     		movs	r4, r0
  95:Core/Src/usart.c **** 
  96:Core/Src/usart.c ****   GPIO_InitTypeDef GPIO_InitStruct = {0};
 204              		.loc 1 96 3 is_stmt 1 view .LVU56
 205              		.loc 1 96 20 is_stmt 0 view .LVU57
 206 0006 1422     		movs	r2, #20
 207 0008 0021     		movs	r1, #0
 208 000a 03A8     		add	r0, sp, #12
 209              	.LVL5:
 210              		.loc 1 96 20 view .LVU58
 211 000c FFF7FEFF 		bl	memset
 212              	.LVL6:
  97:Core/Src/usart.c ****   if(uartHandle->Instance==USART1)
 213              		.loc 1 97 3 is_stmt 1 view .LVU59
 214              		.loc 1 97 16 is_stmt 0 view .LVU60
 215 0010 2368     		ldr	r3, [r4]
 216              		.loc 1 97 5 view .LVU61
 217 0012 204A     		ldr	r2, .L16
 218 0014 9342     		cmp	r3, r2
 219 0016 04D0     		beq	.L14
  98:Core/Src/usart.c ****   {
  99:Core/Src/usart.c ****   /* USER CODE BEGIN USART1_MspInit 0 */
 100:Core/Src/usart.c **** 
 101:Core/Src/usart.c ****   /* USER CODE END USART1_MspInit 0 */
 102:Core/Src/usart.c ****     /* USART1 clock enable */
 103:Core/Src/usart.c ****     __HAL_RCC_USART1_CLK_ENABLE();
 104:Core/Src/usart.c **** 
 105:Core/Src/usart.c ****     __HAL_RCC_GPIOA_CLK_ENABLE();
 106:Core/Src/usart.c ****     /**USART1 GPIO Configuration
 107:Core/Src/usart.c ****     PA9     ------> USART1_TX
 108:Core/Src/usart.c ****     PA10     ------> USART1_RX
 109:Core/Src/usart.c ****     PA12     ------> USART1_DE
 110:Core/Src/usart.c ****     */
 111:Core/Src/usart.c ****     GPIO_InitStruct.Pin = GPIO_PIN_9|GPIO_PIN_10|GPIO_PIN_12;
 112:Core/Src/usart.c ****     GPIO_InitStruct.Mode = GPIO_MODE_AF_PP;
 113:Core/Src/usart.c ****     GPIO_InitStruct.Pull = GPIO_NOPULL;
 114:Core/Src/usart.c ****     GPIO_InitStruct.Speed = GPIO_SPEED_FREQ_VERY_HIGH;
 115:Core/Src/usart.c ****     GPIO_InitStruct.Alternate = GPIO_AF4_USART1;
 116:Core/Src/usart.c ****     HAL_GPIO_Init(GPIOA, &GPIO_InitStruct);
 117:Core/Src/usart.c **** 
 118:Core/Src/usart.c ****   /* USER CODE BEGIN USART1_MspInit 1 */
 119:Core/Src/usart.c **** 
 120:Core/Src/usart.c ****   /* USER CODE END USART1_MspInit 1 */
 121:Core/Src/usart.c ****   }
 122:Core/Src/usart.c ****   else if(uartHandle->Instance==USART2)
 220              		.loc 1 122 8 is_stmt 1 view .LVU62
 221              		.loc 1 122 10 is_stmt 0 view .LVU63
 222 0018 1F4A     		ldr	r2, .L16+4
 223 001a 9342     		cmp	r3, r2
ARM GAS  C:\Users\User\AppData\Local\Temp\cchAVKid.s 			page 7


 224 001c 1ED0     		beq	.L15
 225              	.L11:
 123:Core/Src/usart.c ****   {
 124:Core/Src/usart.c ****   /* USER CODE BEGIN USART2_MspInit 0 */
 125:Core/Src/usart.c **** 
 126:Core/Src/usart.c ****   /* USER CODE END USART2_MspInit 0 */
 127:Core/Src/usart.c ****     /* USART2 clock enable */
 128:Core/Src/usart.c ****     __HAL_RCC_USART2_CLK_ENABLE();
 129:Core/Src/usart.c **** 
 130:Core/Src/usart.c ****     __HAL_RCC_GPIOA_CLK_ENABLE();
 131:Core/Src/usart.c ****     /**USART2 GPIO Configuration
 132:Core/Src/usart.c ****     PA1     ------> USART2_DE
 133:Core/Src/usart.c ****     PA2     ------> USART2_TX
 134:Core/Src/usart.c ****     PA3     ------> USART2_RX
 135:Core/Src/usart.c ****     */
 136:Core/Src/usart.c ****     GPIO_InitStruct.Pin = GPIO_PIN_1|GPIO_PIN_2|GPIO_PIN_3;
 137:Core/Src/usart.c ****     GPIO_InitStruct.Mode = GPIO_MODE_AF_PP;
 138:Core/Src/usart.c ****     GPIO_InitStruct.Pull = GPIO_NOPULL;
 139:Core/Src/usart.c ****     GPIO_InitStruct.Speed = GPIO_SPEED_FREQ_VERY_HIGH;
 140:Core/Src/usart.c ****     GPIO_InitStruct.Alternate = GPIO_AF4_USART2;
 141:Core/Src/usart.c ****     HAL_GPIO_Init(GPIOA, &GPIO_InitStruct);
 142:Core/Src/usart.c **** 
 143:Core/Src/usart.c ****   /* USER CODE BEGIN USART2_MspInit 1 */
 144:Core/Src/usart.c **** 
 145:Core/Src/usart.c ****   /* USER CODE END USART2_MspInit 1 */
 146:Core/Src/usart.c ****   }
 147:Core/Src/usart.c **** }
 226              		.loc 1 147 1 view .LVU64
 227 001e 08B0     		add	sp, sp, #32
 228              		@ sp needed
 229              	.LVL7:
 230              		.loc 1 147 1 view .LVU65
 231 0020 10BD     		pop	{r4, pc}
 232              	.LVL8:
 233              	.L14:
 103:Core/Src/usart.c **** 
 234              		.loc 1 103 5 is_stmt 1 view .LVU66
 235 0022 1E4B     		ldr	r3, .L16+8
 236 0024 596B     		ldr	r1, [r3, #52]
 237 0026 8022     		movs	r2, #128
 238 0028 D201     		lsls	r2, r2, #7
 239 002a 0A43     		orrs	r2, r1
 240 002c 5A63     		str	r2, [r3, #52]
 105:Core/Src/usart.c ****     /**USART1 GPIO Configuration
 241              		.loc 1 105 5 view .LVU67
 242              	.LBB2:
 105:Core/Src/usart.c ****     /**USART1 GPIO Configuration
 243              		.loc 1 105 5 view .LVU68
 105:Core/Src/usart.c ****     /**USART1 GPIO Configuration
 244              		.loc 1 105 5 view .LVU69
 245 002e D96A     		ldr	r1, [r3, #44]
 246 0030 0122     		movs	r2, #1
 247 0032 1143     		orrs	r1, r2
 248 0034 D962     		str	r1, [r3, #44]
 105:Core/Src/usart.c ****     /**USART1 GPIO Configuration
 249              		.loc 1 105 5 view .LVU70
 250 0036 DB6A     		ldr	r3, [r3, #44]
ARM GAS  C:\Users\User\AppData\Local\Temp\cchAVKid.s 			page 8


 251 0038 1A40     		ands	r2, r3
 252 003a 0192     		str	r2, [sp, #4]
 105:Core/Src/usart.c ****     /**USART1 GPIO Configuration
 253              		.loc 1 105 5 view .LVU71
 254 003c 019B     		ldr	r3, [sp, #4]
 255              	.LBE2:
 105:Core/Src/usart.c ****     /**USART1 GPIO Configuration
 256              		.loc 1 105 5 view .LVU72
 111:Core/Src/usart.c ****     GPIO_InitStruct.Mode = GPIO_MODE_AF_PP;
 257              		.loc 1 111 5 view .LVU73
 111:Core/Src/usart.c ****     GPIO_InitStruct.Mode = GPIO_MODE_AF_PP;
 258              		.loc 1 111 25 is_stmt 0 view .LVU74
 259 003e B023     		movs	r3, #176
 260 0040 5B01     		lsls	r3, r3, #5
 261 0042 0393     		str	r3, [sp, #12]
 112:Core/Src/usart.c ****     GPIO_InitStruct.Pull = GPIO_NOPULL;
 262              		.loc 1 112 5 is_stmt 1 view .LVU75
 112:Core/Src/usart.c ****     GPIO_InitStruct.Pull = GPIO_NOPULL;
 263              		.loc 1 112 26 is_stmt 0 view .LVU76
 264 0044 0223     		movs	r3, #2
 265 0046 0493     		str	r3, [sp, #16]
 113:Core/Src/usart.c ****     GPIO_InitStruct.Speed = GPIO_SPEED_FREQ_VERY_HIGH;
 266              		.loc 1 113 5 is_stmt 1 view .LVU77
 114:Core/Src/usart.c ****     GPIO_InitStruct.Alternate = GPIO_AF4_USART1;
 267              		.loc 1 114 5 view .LVU78
 114:Core/Src/usart.c ****     GPIO_InitStruct.Alternate = GPIO_AF4_USART1;
 268              		.loc 1 114 27 is_stmt 0 view .LVU79
 269 0048 0133     		adds	r3, r3, #1
 270 004a 0693     		str	r3, [sp, #24]
 115:Core/Src/usart.c ****     HAL_GPIO_Init(GPIOA, &GPIO_InitStruct);
 271              		.loc 1 115 5 is_stmt 1 view .LVU80
 115:Core/Src/usart.c ****     HAL_GPIO_Init(GPIOA, &GPIO_InitStruct);
 272              		.loc 1 115 31 is_stmt 0 view .LVU81
 273 004c 0133     		adds	r3, r3, #1
 274 004e 0793     		str	r3, [sp, #28]
 116:Core/Src/usart.c **** 
 275              		.loc 1 116 5 is_stmt 1 view .LVU82
 276 0050 A020     		movs	r0, #160
 277 0052 03A9     		add	r1, sp, #12
 278 0054 C005     		lsls	r0, r0, #23
 279 0056 FFF7FEFF 		bl	HAL_GPIO_Init
 280              	.LVL9:
 281 005a E0E7     		b	.L11
 282              	.L15:
 128:Core/Src/usart.c **** 
 283              		.loc 1 128 5 view .LVU83
 284 005c 0F4B     		ldr	r3, .L16+8
 285 005e 996B     		ldr	r1, [r3, #56]
 286 0060 8022     		movs	r2, #128
 287 0062 9202     		lsls	r2, r2, #10
 288 0064 0A43     		orrs	r2, r1
 289 0066 9A63     		str	r2, [r3, #56]
 130:Core/Src/usart.c ****     /**USART2 GPIO Configuration
 290              		.loc 1 130 5 view .LVU84
 291              	.LBB3:
 130:Core/Src/usart.c ****     /**USART2 GPIO Configuration
 292              		.loc 1 130 5 view .LVU85
ARM GAS  C:\Users\User\AppData\Local\Temp\cchAVKid.s 			page 9


 130:Core/Src/usart.c ****     /**USART2 GPIO Configuration
 293              		.loc 1 130 5 view .LVU86
 294 0068 D96A     		ldr	r1, [r3, #44]
 295 006a 0122     		movs	r2, #1
 296 006c 1143     		orrs	r1, r2
 297 006e D962     		str	r1, [r3, #44]
 130:Core/Src/usart.c ****     /**USART2 GPIO Configuration
 298              		.loc 1 130 5 view .LVU87
 299 0070 DB6A     		ldr	r3, [r3, #44]
 300 0072 1A40     		ands	r2, r3
 301 0074 0292     		str	r2, [sp, #8]
 130:Core/Src/usart.c ****     /**USART2 GPIO Configuration
 302              		.loc 1 130 5 view .LVU88
 303 0076 029B     		ldr	r3, [sp, #8]
 304              	.LBE3:
 130:Core/Src/usart.c ****     /**USART2 GPIO Configuration
 305              		.loc 1 130 5 view .LVU89
 136:Core/Src/usart.c ****     GPIO_InitStruct.Mode = GPIO_MODE_AF_PP;
 306              		.loc 1 136 5 view .LVU90
 136:Core/Src/usart.c ****     GPIO_InitStruct.Mode = GPIO_MODE_AF_PP;
 307              		.loc 1 136 25 is_stmt 0 view .LVU91
 308 0078 0E23     		movs	r3, #14
 309 007a 0393     		str	r3, [sp, #12]
 137:Core/Src/usart.c ****     GPIO_InitStruct.Pull = GPIO_NOPULL;
 310              		.loc 1 137 5 is_stmt 1 view .LVU92
 137:Core/Src/usart.c ****     GPIO_InitStruct.Pull = GPIO_NOPULL;
 311              		.loc 1 137 26 is_stmt 0 view .LVU93
 312 007c 0C3B     		subs	r3, r3, #12
 313 007e 0493     		str	r3, [sp, #16]
 138:Core/Src/usart.c ****     GPIO_InitStruct.Speed = GPIO_SPEED_FREQ_VERY_HIGH;
 314              		.loc 1 138 5 is_stmt 1 view .LVU94
 139:Core/Src/usart.c ****     GPIO_InitStruct.Alternate = GPIO_AF4_USART2;
 315              		.loc 1 139 5 view .LVU95
 139:Core/Src/usart.c ****     GPIO_InitStruct.Alternate = GPIO_AF4_USART2;
 316              		.loc 1 139 27 is_stmt 0 view .LVU96
 317 0080 0133     		adds	r3, r3, #1
 318 0082 0693     		str	r3, [sp, #24]
 140:Core/Src/usart.c ****     HAL_GPIO_Init(GPIOA, &GPIO_InitStruct);
 319              		.loc 1 140 5 is_stmt 1 view .LVU97
 140:Core/Src/usart.c ****     HAL_GPIO_Init(GPIOA, &GPIO_InitStruct);
 320              		.loc 1 140 31 is_stmt 0 view .LVU98
 321 0084 0133     		adds	r3, r3, #1
 322 0086 0793     		str	r3, [sp, #28]
 141:Core/Src/usart.c **** 
 323              		.loc 1 141 5 is_stmt 1 view .LVU99
 324 0088 A020     		movs	r0, #160
 325 008a 03A9     		add	r1, sp, #12
 326 008c C005     		lsls	r0, r0, #23
 327 008e FFF7FEFF 		bl	HAL_GPIO_Init
 328              	.LVL10:
 329              		.loc 1 147 1 is_stmt 0 view .LVU100
 330 0092 C4E7     		b	.L11
 331              	.L17:
 332              		.align	2
 333              	.L16:
 334 0094 00380140 		.word	1073821696
 335 0098 00440040 		.word	1073759232
ARM GAS  C:\Users\User\AppData\Local\Temp\cchAVKid.s 			page 10


 336 009c 00100240 		.word	1073876992
 337              		.cfi_endproc
 338              	.LFE49:
 340              		.section	.text.HAL_UART_MspDeInit,"ax",%progbits
 341              		.align	1
 342              		.global	HAL_UART_MspDeInit
 343              		.syntax unified
 344              		.code	16
 345              		.thumb_func
 347              	HAL_UART_MspDeInit:
 348              	.LVL11:
 349              	.LFB50:
 148:Core/Src/usart.c **** 
 149:Core/Src/usart.c **** void HAL_UART_MspDeInit(UART_HandleTypeDef* uartHandle)
 150:Core/Src/usart.c **** {
 350              		.loc 1 150 1 is_stmt 1 view -0
 351              		.cfi_startproc
 352              		@ args = 0, pretend = 0, frame = 0
 353              		@ frame_needed = 0, uses_anonymous_args = 0
 354              		.loc 1 150 1 is_stmt 0 view .LVU102
 355 0000 10B5     		push	{r4, lr}
 356              	.LCFI4:
 357              		.cfi_def_cfa_offset 8
 358              		.cfi_offset 4, -8
 359              		.cfi_offset 14, -4
 151:Core/Src/usart.c **** 
 152:Core/Src/usart.c ****   if(uartHandle->Instance==USART1)
 360              		.loc 1 152 3 is_stmt 1 view .LVU103
 361              		.loc 1 152 16 is_stmt 0 view .LVU104
 362 0002 0368     		ldr	r3, [r0]
 363              		.loc 1 152 5 view .LVU105
 364 0004 0E4A     		ldr	r2, .L23
 365 0006 9342     		cmp	r3, r2
 366 0008 03D0     		beq	.L21
 153:Core/Src/usart.c ****   {
 154:Core/Src/usart.c ****   /* USER CODE BEGIN USART1_MspDeInit 0 */
 155:Core/Src/usart.c **** 
 156:Core/Src/usart.c ****   /* USER CODE END USART1_MspDeInit 0 */
 157:Core/Src/usart.c ****     /* Peripheral clock disable */
 158:Core/Src/usart.c ****     __HAL_RCC_USART1_CLK_DISABLE();
 159:Core/Src/usart.c **** 
 160:Core/Src/usart.c ****     /**USART1 GPIO Configuration
 161:Core/Src/usart.c ****     PA9     ------> USART1_TX
 162:Core/Src/usart.c ****     PA10     ------> USART1_RX
 163:Core/Src/usart.c ****     PA12     ------> USART1_DE
 164:Core/Src/usart.c ****     */
 165:Core/Src/usart.c ****     HAL_GPIO_DeInit(GPIOA, GPIO_PIN_9|GPIO_PIN_10|GPIO_PIN_12);
 166:Core/Src/usart.c **** 
 167:Core/Src/usart.c ****   /* USER CODE BEGIN USART1_MspDeInit 1 */
 168:Core/Src/usart.c **** 
 169:Core/Src/usart.c ****   /* USER CODE END USART1_MspDeInit 1 */
 170:Core/Src/usart.c ****   }
 171:Core/Src/usart.c ****   else if(uartHandle->Instance==USART2)
 367              		.loc 1 171 8 is_stmt 1 view .LVU106
 368              		.loc 1 171 10 is_stmt 0 view .LVU107
 369 000a 0E4A     		ldr	r2, .L23+4
 370 000c 9342     		cmp	r3, r2
ARM GAS  C:\Users\User\AppData\Local\Temp\cchAVKid.s 			page 11


 371 000e 0CD0     		beq	.L22
 372              	.LVL12:
 373              	.L18:
 172:Core/Src/usart.c ****   {
 173:Core/Src/usart.c ****   /* USER CODE BEGIN USART2_MspDeInit 0 */
 174:Core/Src/usart.c **** 
 175:Core/Src/usart.c ****   /* USER CODE END USART2_MspDeInit 0 */
 176:Core/Src/usart.c ****     /* Peripheral clock disable */
 177:Core/Src/usart.c ****     __HAL_RCC_USART2_CLK_DISABLE();
 178:Core/Src/usart.c **** 
 179:Core/Src/usart.c ****     /**USART2 GPIO Configuration
 180:Core/Src/usart.c ****     PA1     ------> USART2_DE
 181:Core/Src/usart.c ****     PA2     ------> USART2_TX
 182:Core/Src/usart.c ****     PA3     ------> USART2_RX
 183:Core/Src/usart.c ****     */
 184:Core/Src/usart.c ****     HAL_GPIO_DeInit(GPIOA, GPIO_PIN_1|GPIO_PIN_2|GPIO_PIN_3);
 185:Core/Src/usart.c **** 
 186:Core/Src/usart.c ****   /* USER CODE BEGIN USART2_MspDeInit 1 */
 187:Core/Src/usart.c **** 
 188:Core/Src/usart.c ****   /* USER CODE END USART2_MspDeInit 1 */
 189:Core/Src/usart.c ****   }
 190:Core/Src/usart.c **** }
 374              		.loc 1 190 1 view .LVU108
 375              		@ sp needed
 376 0010 10BD     		pop	{r4, pc}
 377              	.LVL13:
 378              	.L21:
 158:Core/Src/usart.c **** 
 379              		.loc 1 158 5 is_stmt 1 view .LVU109
 380 0012 0D4A     		ldr	r2, .L23+8
 381 0014 536B     		ldr	r3, [r2, #52]
 382 0016 0D49     		ldr	r1, .L23+12
 383 0018 0B40     		ands	r3, r1
 384 001a 5363     		str	r3, [r2, #52]
 165:Core/Src/usart.c **** 
 385              		.loc 1 165 5 view .LVU110
 386 001c B021     		movs	r1, #176
 387 001e A020     		movs	r0, #160
 388              	.LVL14:
 165:Core/Src/usart.c **** 
 389              		.loc 1 165 5 is_stmt 0 view .LVU111
 390 0020 4901     		lsls	r1, r1, #5
 391 0022 C005     		lsls	r0, r0, #23
 392 0024 FFF7FEFF 		bl	HAL_GPIO_DeInit
 393              	.LVL15:
 394 0028 F2E7     		b	.L18
 395              	.LVL16:
 396              	.L22:
 177:Core/Src/usart.c **** 
 397              		.loc 1 177 5 is_stmt 1 view .LVU112
 398 002a 074A     		ldr	r2, .L23+8
 399 002c 936B     		ldr	r3, [r2, #56]
 400 002e 0849     		ldr	r1, .L23+16
 401 0030 0B40     		ands	r3, r1
 402 0032 9363     		str	r3, [r2, #56]
 184:Core/Src/usart.c **** 
 403              		.loc 1 184 5 view .LVU113
ARM GAS  C:\Users\User\AppData\Local\Temp\cchAVKid.s 			page 12


 404 0034 A020     		movs	r0, #160
 405              	.LVL17:
 184:Core/Src/usart.c **** 
 406              		.loc 1 184 5 is_stmt 0 view .LVU114
 407 0036 0E21     		movs	r1, #14
 408 0038 C005     		lsls	r0, r0, #23
 409 003a FFF7FEFF 		bl	HAL_GPIO_DeInit
 410              	.LVL18:
 411              		.loc 1 190 1 view .LVU115
 412 003e E7E7     		b	.L18
 413              	.L24:
 414              		.align	2
 415              	.L23:
 416 0040 00380140 		.word	1073821696
 417 0044 00440040 		.word	1073759232
 418 0048 00100240 		.word	1073876992
 419 004c FFBFFFFF 		.word	-16385
 420 0050 FFFFFDFF 		.word	-131073
 421              		.cfi_endproc
 422              	.LFE50:
 424              		.global	huart2
 425              		.section	.bss.huart2,"aw",%nobits
 426              		.align	2
 429              	huart2:
 430 0000 00000000 		.space	132
 430      00000000 
 430      00000000 
 430      00000000 
 430      00000000 
 431              		.global	huart1
 432              		.section	.bss.huart1,"aw",%nobits
 433              		.align	2
 436              	huart1:
 437 0000 00000000 		.space	132
 437      00000000 
 437      00000000 
 437      00000000 
 437      00000000 
 438              		.text
 439              	.Letext0:
 440              		.file 2 "c:\\program files (x86)\\arm gnu toolchain arm-none-eabi\\12.2 rel1\\arm-none-eabi\\inclu
 441              		.file 3 "c:\\program files (x86)\\arm gnu toolchain arm-none-eabi\\12.2 rel1\\arm-none-eabi\\inclu
 442              		.file 4 "Drivers/CMSIS/Device/ST/STM32L0xx/Include/stm32l071xx.h"
 443              		.file 5 "Drivers/STM32L0xx_HAL_Driver/Inc/stm32l0xx_hal_def.h"
 444              		.file 6 "Drivers/STM32L0xx_HAL_Driver/Inc/stm32l0xx_hal_gpio.h"
 445              		.file 7 "Drivers/STM32L0xx_HAL_Driver/Inc/stm32l0xx_hal_dma.h"
 446              		.file 8 "Drivers/STM32L0xx_HAL_Driver/Inc/stm32l0xx_hal_uart.h"
 447              		.file 9 "Core/Inc/usart.h"
 448              		.file 10 "Core/Inc/main.h"
 449              		.file 11 "Drivers/STM32L0xx_HAL_Driver/Inc/stm32l0xx_hal_uart_ex.h"
 450              		.file 12 "<built-in>"
ARM GAS  C:\Users\User\AppData\Local\Temp\cchAVKid.s 			page 13


DEFINED SYMBOLS
                            *ABS*:00000000 usart.c
C:\Users\User\AppData\Local\Temp\cchAVKid.s:19     .text.MX_USART1_UART_Init:00000000 $t
C:\Users\User\AppData\Local\Temp\cchAVKid.s:25     .text.MX_USART1_UART_Init:00000000 MX_USART1_UART_Init
C:\Users\User\AppData\Local\Temp\cchAVKid.s:94     .text.MX_USART1_UART_Init:00000038 $d
C:\Users\User\AppData\Local\Temp\cchAVKid.s:436    .bss.huart1:00000000 huart1
C:\Users\User\AppData\Local\Temp\cchAVKid.s:100    .text.MX_USART2_UART_Init:00000000 $t
C:\Users\User\AppData\Local\Temp\cchAVKid.s:106    .text.MX_USART2_UART_Init:00000000 MX_USART2_UART_Init
C:\Users\User\AppData\Local\Temp\cchAVKid.s:175    .text.MX_USART2_UART_Init:00000038 $d
C:\Users\User\AppData\Local\Temp\cchAVKid.s:429    .bss.huart2:00000000 huart2
C:\Users\User\AppData\Local\Temp\cchAVKid.s:181    .text.HAL_UART_MspInit:00000000 $t
C:\Users\User\AppData\Local\Temp\cchAVKid.s:187    .text.HAL_UART_MspInit:00000000 HAL_UART_MspInit
C:\Users\User\AppData\Local\Temp\cchAVKid.s:334    .text.HAL_UART_MspInit:00000094 $d
C:\Users\User\AppData\Local\Temp\cchAVKid.s:341    .text.HAL_UART_MspDeInit:00000000 $t
C:\Users\User\AppData\Local\Temp\cchAVKid.s:347    .text.HAL_UART_MspDeInit:00000000 HAL_UART_MspDeInit
C:\Users\User\AppData\Local\Temp\cchAVKid.s:416    .text.HAL_UART_MspDeInit:00000040 $d
C:\Users\User\AppData\Local\Temp\cchAVKid.s:426    .bss.huart2:00000000 $d
C:\Users\User\AppData\Local\Temp\cchAVKid.s:433    .bss.huart1:00000000 $d

UNDEFINED SYMBOLS
HAL_RS485Ex_Init
Error_Handler
memset
HAL_GPIO_Init
HAL_GPIO_DeInit
